{"level":"\u001b[31merror\u001b[39m","message":"\u001b[31mError GET /favicon.ico: Route /favicon.ico not found\u001b[39m","timestamp":"2025-08-10 02:13:08:138"}
{"level":"\u001b[31merror\u001b[39m","message":"\u001b[31mError GET /api/historical-summary: Route /api/historical-summary not found\u001b[39m","timestamp":"2025-08-10 02:13:09:139"}
{"level":"\u001b[31merror\u001b[39m","message":"\u001b[31mError GET /api/historical-data: Route /api/historical-data not found\u001b[39m","timestamp":"2025-08-10 02:13:19:1319"}
{"data":null,"error_type":"InputException","level":"\u001b[31merror\u001b[39m","message":"\u001b[31mError fetching NIFTY data: Invalid `api_key` or `access_token`.\u001b[39m","status":"error","timestamp":"2025-08-11 12:07:50:750"}
{"data":null,"error_type":"InputException","level":"\u001b[31merror\u001b[39m","message":"\u001b[31mError fetching NIFTY data: Invalid `api_key` or `access_token`.\u001b[39m","status":"error","timestamp":"2025-08-11 12:08:15:815"}
{"data":null,"error_type":"InputException","level":"\u001b[31merror\u001b[39m","message":"\u001b[31mError fetching NIFTY data: Invalid `api_key` or `access_token`.\u001b[39m","status":"error","timestamp":"2025-08-11 12:08:45:845"}
{"data":null,"error_type":"InputException","level":"\u001b[31merror\u001b[39m","message":"\u001b[31mError fetching NIFTY data: Invalid `api_key` or `access_token`.\u001b[39m","status":"error","timestamp":"2025-08-11 12:09:15:915"}
{"data":null,"error_type":"InputException","level":"\u001b[31merror\u001b[39m","message":"\u001b[31mError fetching NIFTY data: Invalid `api_key` or `access_token`.\u001b[39m","status":"error","timestamp":"2025-08-11 12:09:45:945"}
{"data":null,"error_type":"InputException","level":"\u001b[31merror\u001b[39m","message":"\u001b[31mError fetching NIFTY data: Invalid `api_key` or `access_token`.\u001b[39m","status":"error","timestamp":"2025-08-11 12:10:15:1015"}
{"data":null,"error_type":"InputException","level":"\u001b[31merror\u001b[39m","message":"\u001b[31mError fetching NIFTY data: Invalid `api_key` or `access_token`.\u001b[39m","status":"error","timestamp":"2025-08-11 12:10:45:1045"}
{"data":null,"error_type":"InputException","level":"\u001b[31merror\u001b[39m","message":"\u001b[31mError fetching NIFTY data: Invalid `api_key` or `access_token`.\u001b[39m","status":"error","timestamp":"2025-08-11 12:11:15:1115"}
{"data":null,"error_type":"InputException","level":"\u001b[31merror\u001b[39m","message":"\u001b[31mError fetching NIFTY data: Invalid `api_key` or `access_token`.\u001b[39m","status":"error","timestamp":"2025-08-11 12:11:45:1145"}
{"data":null,"error_type":"InputException","level":"\u001b[31merror\u001b[39m","message":"\u001b[31mError fetching NIFTY data: Invalid `api_key` or `access_token`.\u001b[39m","status":"error","timestamp":"2025-08-11 12:12:15:1215"}
{"data":null,"error_type":"InputException","level":"\u001b[31merror\u001b[39m","message":"\u001b[31mError fetching NIFTY data: Invalid `api_key` or `access_token`.\u001b[39m","status":"error","timestamp":"2025-08-11 12:12:45:1245"}
{"data":null,"error_type":"InputException","level":"\u001b[31merror\u001b[39m","message":"\u001b[31mError fetching NIFTY data: Invalid `api_key` or `access_token`.\u001b[39m","status":"error","timestamp":"2025-08-11 12:13:15:1315"}
{"data":null,"error_type":"InputException","level":"\u001b[31merror\u001b[39m","message":"\u001b[31mError fetching NIFTY data: Invalid `api_key` or `access_token`.\u001b[39m","status":"error","timestamp":"2025-08-11 12:13:45:1345"}
{"data":null,"error_type":"InputException","level":"\u001b[31merror\u001b[39m","message":"\u001b[31mError fetching NIFTY data: Invalid `api_key` or `access_token`.\u001b[39m","status":"error","timestamp":"2025-08-11 12:14:15:1415"}
{"data":null,"error_type":"InputException","level":"\u001b[31merror\u001b[39m","message":"\u001b[31mError fetching NIFTY data: Invalid `api_key` or `access_token`.\u001b[39m","status":"error","timestamp":"2025-08-11 12:14:45:1445"}
{"data":null,"error_type":"InputException","level":"\u001b[31merror\u001b[39m","message":"\u001b[31mError fetching NIFTY data: Invalid `api_key` or `access_token`.\u001b[39m","status":"error","timestamp":"2025-08-11 12:15:15:1515"}
{"data":null,"error_type":"InputException","level":"\u001b[31merror\u001b[39m","message":"\u001b[31mError fetching NIFTY data: Invalid `api_key` or `access_token`.\u001b[39m","status":"error","timestamp":"2025-08-11 12:15:45:1545"}
{"data":null,"error_type":"InputException","level":"\u001b[31merror\u001b[39m","message":"\u001b[31mError fetching NIFTY data: Invalid `api_key` or `access_token`.\u001b[39m","status":"error","timestamp":"2025-08-11 12:16:15:1615"}
{"data":null,"error_type":"InputException","level":"\u001b[31merror\u001b[39m","message":"\u001b[31mError fetching NIFTY data: Invalid `api_key` or `access_token`.\u001b[39m","status":"error","timestamp":"2025-08-11 12:16:45:1645"}
{"data":null,"error_type":"InputException","level":"\u001b[31merror\u001b[39m","message":"\u001b[31mError fetching NIFTY data: Invalid `api_key` or `access_token`.\u001b[39m","status":"error","timestamp":"2025-08-11 12:17:15:1715"}
{"data":null,"error_type":"InputException","level":"\u001b[31merror\u001b[39m","message":"\u001b[31mError fetching NIFTY data: Invalid `api_key` or `access_token`.\u001b[39m","status":"error","timestamp":"2025-08-11 12:17:45:1745"}
{"data":null,"error_type":"InputException","level":"\u001b[31merror\u001b[39m","message":"\u001b[31mError fetching NIFTY data: Invalid `api_key` or `access_token`.\u001b[39m","status":"error","timestamp":"2025-08-11 12:18:15:1815"}
{"data":null,"error_type":"InputException","level":"\u001b[31merror\u001b[39m","message":"\u001b[31mError fetching NIFTY data: Invalid `api_key` or `access_token`.\u001b[39m","status":"error","timestamp":"2025-08-11 12:18:45:1845"}
{"data":null,"error_type":"InputException","level":"\u001b[31merror\u001b[39m","message":"\u001b[31mError fetching NIFTY data: Invalid `api_key` or `access_token`.\u001b[39m","status":"error","timestamp":"2025-08-11 12:19:15:1915"}
{"data":null,"error_type":"InputException","level":"\u001b[31merror\u001b[39m","message":"\u001b[31mError fetching NIFTY data: Invalid `api_key` or `access_token`.\u001b[39m","status":"error","timestamp":"2025-08-11 12:19:45:1945"}
{"data":null,"error_type":"InputException","level":"\u001b[31merror\u001b[39m","message":"\u001b[31mError fetching NIFTY data: Invalid `api_key` or `access_token`.\u001b[39m","status":"error","timestamp":"2025-08-11 12:20:15:2015"}
{"data":null,"error_type":"InputException","level":"\u001b[31merror\u001b[39m","message":"\u001b[31mError fetching NIFTY data: Invalid `api_key` or `access_token`.\u001b[39m","status":"error","timestamp":"2025-08-11 12:20:45:2045"}
{"data":null,"error_type":"InputException","level":"\u001b[31merror\u001b[39m","message":"\u001b[31mError fetching NIFTY data: Invalid `api_key` or `access_token`.\u001b[39m","status":"error","timestamp":"2025-08-11 12:21:15:2115"}
{"data":null,"error_type":"InputException","level":"\u001b[31merror\u001b[39m","message":"\u001b[31mError fetching NIFTY data: Invalid `api_key` or `access_token`.\u001b[39m","status":"error","timestamp":"2025-08-11 12:21:45:2145"}
{"data":null,"error_type":"InputException","level":"\u001b[31merror\u001b[39m","message":"\u001b[31mError fetching NIFTY data: Invalid `api_key` or `access_token`.\u001b[39m","status":"error","timestamp":"2025-08-11 12:22:15:2215"}
{"data":null,"error_type":"InputException","level":"\u001b[31merror\u001b[39m","message":"\u001b[31mError fetching NIFTY data: Invalid `api_key` or `access_token`.\u001b[39m","status":"error","timestamp":"2025-08-11 12:22:45:2245"}
{"data":null,"error_type":"InputException","level":"\u001b[31merror\u001b[39m","message":"\u001b[31mError fetching NIFTY data: Invalid `api_key` or `access_token`.\u001b[39m","status":"error","timestamp":"2025-08-11 12:23:15:2315"}
{"data":null,"error_type":"InputException","level":"\u001b[31merror\u001b[39m","message":"\u001b[31mError fetching NIFTY data: Invalid `api_key` or `access_token`.\u001b[39m","status":"error","timestamp":"2025-08-11 12:23:45:2345"}
{"data":null,"error_type":"InputException","level":"\u001b[31merror\u001b[39m","message":"\u001b[31mError fetching NIFTY data: Invalid `api_key` or `access_token`.\u001b[39m","status":"error","timestamp":"2025-08-11 12:24:15:2415"}
{"data":null,"error_type":"InputException","level":"\u001b[31merror\u001b[39m","message":"\u001b[31mError fetching NIFTY data: Invalid `api_key` or `access_token`.\u001b[39m","status":"error","timestamp":"2025-08-11 12:24:45:2445"}
{"data":null,"error_type":"InputException","level":"\u001b[31merror\u001b[39m","message":"\u001b[31mError fetching NIFTY data: Invalid `api_key` or `access_token`.\u001b[39m","status":"error","timestamp":"2025-08-11 12:25:15:2515"}
{"data":null,"error_type":"InputException","level":"\u001b[31merror\u001b[39m","message":"\u001b[31mError fetching NIFTY data: Invalid `api_key` or `access_token`.\u001b[39m","status":"error","timestamp":"2025-08-11 12:25:45:2545"}
{"data":null,"error_type":"InputException","level":"\u001b[31merror\u001b[39m","message":"\u001b[31mError fetching NIFTY data: Invalid `api_key` or `access_token`.\u001b[39m","status":"error","timestamp":"2025-08-11 12:26:15:2615"}
{"data":null,"error_type":"InputException","level":"\u001b[31merror\u001b[39m","message":"\u001b[31mError fetching NIFTY data: Invalid `api_key` or `access_token`.\u001b[39m","status":"error","timestamp":"2025-08-11 12:26:45:2645"}
{"data":null,"error_type":"InputException","level":"\u001b[31merror\u001b[39m","message":"\u001b[31mError fetching NIFTY data: Invalid `api_key` or `access_token`.\u001b[39m","status":"error","timestamp":"2025-08-11 12:27:15:2715"}
{"data":null,"error_type":"InputException","level":"\u001b[31merror\u001b[39m","message":"\u001b[31mError fetching NIFTY data: Invalid `api_key` or `access_token`.\u001b[39m","status":"error","timestamp":"2025-08-11 12:27:45:2745"}
{"data":null,"error_type":"InputException","level":"\u001b[31merror\u001b[39m","message":"\u001b[31mError fetching NIFTY data: Invalid `api_key` or `access_token`.\u001b[39m","status":"error","timestamp":"2025-08-11 12:28:15:2815"}
{"data":null,"error_type":"InputException","level":"\u001b[31merror\u001b[39m","message":"\u001b[31mError fetching NIFTY data: Invalid `api_key` or `access_token`.\u001b[39m","status":"error","timestamp":"2025-08-11 12:28:45:2845"}
{"data":null,"error_type":"InputException","level":"\u001b[31merror\u001b[39m","message":"\u001b[31mError fetching NIFTY data: Invalid `api_key` or `access_token`.\u001b[39m","status":"error","timestamp":"2025-08-11 12:29:15:2915"}
{"data":null,"error_type":"InputException","level":"\u001b[31merror\u001b[39m","message":"\u001b[31mError fetching NIFTY data: Invalid `api_key` or `access_token`.\u001b[39m","status":"error","timestamp":"2025-08-11 12:29:45:2945"}
{"data":null,"error_type":"InputException","level":"\u001b[31merror\u001b[39m","message":"\u001b[31mError fetching NIFTY data: Invalid `api_key` or `access_token`.\u001b[39m","status":"error","timestamp":"2025-08-11 12:30:15:3015"}
{"data":null,"error_type":"InputException","level":"\u001b[31merror\u001b[39m","message":"\u001b[31mError fetching NIFTY data: Invalid `api_key` or `access_token`.\u001b[39m","status":"error","timestamp":"2025-08-11 12:30:45:3045"}
{"data":null,"error_type":"InputException","level":"\u001b[31merror\u001b[39m","message":"\u001b[31mError fetching NIFTY data: Invalid `api_key` or `access_token`.\u001b[39m","status":"error","timestamp":"2025-08-11 12:31:15:3115"}
{"data":null,"error_type":"InputException","level":"\u001b[31merror\u001b[39m","message":"\u001b[31mError fetching NIFTY data: Invalid `api_key` or `access_token`.\u001b[39m","status":"error","timestamp":"2025-08-11 12:31:45:3145"}
{"data":null,"error_type":"InputException","level":"\u001b[31merror\u001b[39m","message":"\u001b[31mError fetching NIFTY data: Invalid `api_key` or `access_token`.\u001b[39m","status":"error","timestamp":"2025-08-11 12:32:15:3215"}
{"data":null,"error_type":"InputException","level":"\u001b[31merror\u001b[39m","message":"\u001b[31mError fetching NIFTY data: Invalid `api_key` or `access_token`.\u001b[39m","status":"error","timestamp":"2025-08-11 12:32:45:3245"}
{"data":null,"error_type":"InputException","level":"\u001b[31merror\u001b[39m","message":"\u001b[31mError fetching NIFTY data: Invalid `api_key` or `access_token`.\u001b[39m","status":"error","timestamp":"2025-08-11 12:33:15:3315"}
{"data":null,"error_type":"InputException","level":"\u001b[31merror\u001b[39m","message":"\u001b[31mError fetching NIFTY data: Invalid `api_key` or `access_token`.\u001b[39m","status":"error","timestamp":"2025-08-11 12:33:45:3345"}
{"data":null,"error_type":"InputException","level":"\u001b[31merror\u001b[39m","message":"\u001b[31mError fetching NIFTY data: Invalid `api_key` or `access_token`.\u001b[39m","status":"error","timestamp":"2025-08-11 12:34:15:3415"}
{"data":null,"error_type":"InputException","level":"\u001b[31merror\u001b[39m","message":"\u001b[31mError fetching NIFTY data: Invalid `api_key` or `access_token`.\u001b[39m","status":"error","timestamp":"2025-08-11 12:34:45:3445"}
{"data":null,"error_type":"InputException","level":"\u001b[31merror\u001b[39m","message":"\u001b[31mError fetching NIFTY data: Invalid `api_key` or `access_token`.\u001b[39m","status":"error","timestamp":"2025-08-11 12:35:15:3515"}
{"data":null,"error_type":"InputException","level":"\u001b[31merror\u001b[39m","message":"\u001b[31mError fetching NIFTY data: Invalid `api_key` or `access_token`.\u001b[39m","status":"error","timestamp":"2025-08-11 12:35:45:3545"}
{"data":null,"error_type":"InputException","level":"\u001b[31merror\u001b[39m","message":"\u001b[31mError fetching NIFTY data: Invalid `api_key` or `access_token`.\u001b[39m","status":"error","timestamp":"2025-08-11 12:36:15:3615"}
{"data":null,"error_type":"InputException","level":"\u001b[31merror\u001b[39m","message":"\u001b[31mError fetching NIFTY data: Invalid `api_key` or `access_token`.\u001b[39m","status":"error","timestamp":"2025-08-11 12:36:45:3645"}
{"data":null,"error_type":"InputException","level":"\u001b[31merror\u001b[39m","message":"\u001b[31mError fetching NIFTY data: Invalid `api_key` or `access_token`.\u001b[39m","status":"error","timestamp":"2025-08-11 12:37:15:3715"}
{"data":null,"error_type":"InputException","level":"\u001b[31merror\u001b[39m","message":"\u001b[31mError fetching NIFTY data: Invalid `api_key` or `access_token`.\u001b[39m","status":"error","timestamp":"2025-08-11 12:37:45:3745"}
{"data":null,"error_type":"InputException","level":"\u001b[31merror\u001b[39m","message":"\u001b[31mError fetching NIFTY data: Invalid `api_key` or `access_token`.\u001b[39m","status":"error","timestamp":"2025-08-11 12:38:15:3815"}
{"data":null,"error_type":"InputException","level":"\u001b[31merror\u001b[39m","message":"\u001b[31mError fetching NIFTY data: Invalid `api_key` or `access_token`.\u001b[39m","status":"error","timestamp":"2025-08-11 12:38:45:3845"}
{"data":null,"error_type":"InputException","level":"\u001b[31merror\u001b[39m","message":"\u001b[31mError fetching NIFTY data: Invalid `api_key` or `access_token`.\u001b[39m","status":"error","timestamp":"2025-08-11 12:39:15:3915"}
{"data":null,"error_type":"InputException","level":"\u001b[31merror\u001b[39m","message":"\u001b[31mError fetching NIFTY data: Invalid `api_key` or `access_token`.\u001b[39m","status":"error","timestamp":"2025-08-11 12:39:45:3945"}
{"data":null,"error_type":"InputException","level":"\u001b[31merror\u001b[39m","message":"\u001b[31mError fetching NIFTY data: Invalid `api_key` or `access_token`.\u001b[39m","status":"error","timestamp":"2025-08-11 12:40:16:4016"}
{"data":null,"error_type":"InputException","level":"\u001b[31merror\u001b[39m","message":"\u001b[31mError fetching NIFTY data: Invalid `api_key` or `access_token`.\u001b[39m","status":"error","timestamp":"2025-08-11 12:40:45:4045"}
{"data":null,"error_type":"InputException","level":"\u001b[31merror\u001b[39m","message":"\u001b[31mError fetching NIFTY data: Invalid `api_key` or `access_token`.\u001b[39m","status":"error","timestamp":"2025-08-11 12:41:15:4115"}
{"data":null,"error_type":"InputException","level":"\u001b[31merror\u001b[39m","message":"\u001b[31mError fetching NIFTY data: Invalid `api_key` or `access_token`.\u001b[39m","status":"error","timestamp":"2025-08-11 12:41:45:4145"}
{"data":null,"error_type":"InputException","level":"\u001b[31merror\u001b[39m","message":"\u001b[31mError fetching NIFTY data: Invalid `api_key` or `access_token`.\u001b[39m","status":"error","timestamp":"2025-08-11 12:42:15:4215"}
{"data":null,"error_type":"InputException","level":"\u001b[31merror\u001b[39m","message":"\u001b[31mError fetching NIFTY data: Invalid `api_key` or `access_token`.\u001b[39m","status":"error","timestamp":"2025-08-11 12:42:45:4245"}
{"data":null,"error_type":"InputException","level":"\u001b[31merror\u001b[39m","message":"\u001b[31mError fetching NIFTY data: Invalid `api_key` or `access_token`.\u001b[39m","status":"error","timestamp":"2025-08-11 12:43:15:4315"}
{"data":null,"error_type":"InputException","level":"\u001b[31merror\u001b[39m","message":"\u001b[31mError fetching NIFTY data: Invalid `api_key` or `access_token`.\u001b[39m","status":"error","timestamp":"2025-08-11 12:43:45:4345"}
{"data":null,"error_type":"InputException","level":"\u001b[31merror\u001b[39m","message":"\u001b[31mError fetching NIFTY data: Invalid `api_key` or `access_token`.\u001b[39m","status":"error","timestamp":"2025-08-11 12:44:15:4415"}
{"data":null,"error_type":"InputException","level":"\u001b[31merror\u001b[39m","message":"\u001b[31mError fetching NIFTY data: Invalid `api_key` or `access_token`.\u001b[39m","status":"error","timestamp":"2025-08-11 12:44:45:4445"}
{"data":null,"error_type":"InputException","level":"\u001b[31merror\u001b[39m","message":"\u001b[31mError fetching NIFTY data: Invalid `api_key` or `access_token`.\u001b[39m","status":"error","timestamp":"2025-08-11 12:45:16:4516"}
{"data":null,"error_type":"InputException","level":"\u001b[31merror\u001b[39m","message":"\u001b[31mError fetching NIFTY data: Invalid `api_key` or `access_token`.\u001b[39m","status":"error","timestamp":"2025-08-11 12:45:45:4545"}
{"data":null,"error_type":"InputException","level":"\u001b[31merror\u001b[39m","message":"\u001b[31mError fetching NIFTY data: Invalid `api_key` or `access_token`.\u001b[39m","status":"error","timestamp":"2025-08-11 12:46:15:4615"}
{"data":null,"error_type":"InputException","level":"\u001b[31merror\u001b[39m","message":"\u001b[31mError fetching NIFTY data: Invalid `api_key` or `access_token`.\u001b[39m","status":"error","timestamp":"2025-08-11 12:46:45:4645"}
{"data":null,"error_type":"InputException","level":"\u001b[31merror\u001b[39m","message":"\u001b[31mError fetching NIFTY data: Invalid `api_key` or `access_token`.\u001b[39m","status":"error","timestamp":"2025-08-11 12:47:15:4715"}
{"data":null,"error_type":"InputException","level":"\u001b[31merror\u001b[39m","message":"\u001b[31mError fetching NIFTY data: Invalid `api_key` or `access_token`.\u001b[39m","status":"error","timestamp":"2025-08-11 12:47:45:4745"}
{"data":null,"error_type":"InputException","level":"\u001b[31merror\u001b[39m","message":"\u001b[31mError fetching NIFTY data: Invalid `api_key` or `access_token`.\u001b[39m","status":"error","timestamp":"2025-08-11 12:48:15:4815"}
{"data":null,"error_type":"InputException","level":"\u001b[31merror\u001b[39m","message":"\u001b[31mError fetching NIFTY data: Invalid `api_key` or `access_token`.\u001b[39m","status":"error","timestamp":"2025-08-11 12:48:45:4845"}
{"data":null,"error_type":"InputException","level":"\u001b[31merror\u001b[39m","message":"\u001b[31mError fetching NIFTY data: Invalid `api_key` or `access_token`.\u001b[39m","status":"error","timestamp":"2025-08-11 12:49:16:4916"}
{"data":null,"error_type":"InputException","level":"\u001b[31merror\u001b[39m","message":"\u001b[31mError fetching NIFTY data: Invalid `api_key` or `access_token`.\u001b[39m","status":"error","timestamp":"2025-08-11 12:49:46:4946"}
{"data":null,"error_type":"InputException","level":"\u001b[31merror\u001b[39m","message":"\u001b[31mError fetching NIFTY data: Invalid `api_key` or `access_token`.\u001b[39m","status":"error","timestamp":"2025-08-11 12:50:15:5015"}
{"data":null,"error_type":"InputException","level":"\u001b[31merror\u001b[39m","message":"\u001b[31mError fetching NIFTY data: Invalid `api_key` or `access_token`.\u001b[39m","status":"error","timestamp":"2025-08-11 12:50:46:5046"}
{"data":null,"error_type":"InputException","level":"\u001b[31merror\u001b[39m","message":"\u001b[31mError fetching NIFTY data: Invalid `api_key` or `access_token`.\u001b[39m","status":"error","timestamp":"2025-08-11 12:52:24:5224"}
{"data":null,"error_type":"InputException","level":"\u001b[31merror\u001b[39m","message":"\u001b[31mError fetching NIFTY data: Invalid `api_key` or `access_token`.\u001b[39m","status":"error","timestamp":"2025-08-11 12:52:54:5254"}
{"data":null,"error_type":"InputException","level":"\u001b[31merror\u001b[39m","message":"\u001b[31mError fetching NIFTY data: Invalid `api_key` or `access_token`.\u001b[39m","status":"error","timestamp":"2025-08-11 12:53:24:5324"}
{"data":null,"error_type":"InputException","level":"\u001b[31merror\u001b[39m","message":"\u001b[31mError fetching NIFTY data: Invalid `api_key` or `access_token`.\u001b[39m","status":"error","timestamp":"2025-08-11 12:53:54:5354"}
{"data":null,"error_type":"InputException","level":"\u001b[31merror\u001b[39m","message":"\u001b[31mError fetching NIFTY data: Invalid `api_key` or `access_token`.\u001b[39m","status":"error","timestamp":"2025-08-11 12:54:24:5424"}
{"data":null,"error_type":"InputException","level":"\u001b[31merror\u001b[39m","message":"\u001b[31mError fetching NIFTY data: Invalid `api_key` or `access_token`.\u001b[39m","status":"error","timestamp":"2025-08-11 12:54:54:5454"}
{"data":null,"error_type":"InputException","level":"\u001b[31merror\u001b[39m","message":"\u001b[31mError fetching NIFTY data: Invalid `api_key` or `access_token`.\u001b[39m","status":"error","timestamp":"2025-08-11 12:55:24:5524"}
{"data":null,"error_type":"InputException","level":"\u001b[31merror\u001b[39m","message":"\u001b[31mError fetching NIFTY data: Invalid `api_key` or `access_token`.\u001b[39m","status":"error","timestamp":"2025-08-11 12:55:54:5554"}
{"data":null,"error_type":"InputException","level":"\u001b[31merror\u001b[39m","message":"\u001b[31mError fetching NIFTY data: Invalid `api_key` or `access_token`.\u001b[39m","status":"error","timestamp":"2025-08-11 12:56:24:5624"}
{"data":null,"error_type":"InputException","level":"\u001b[31merror\u001b[39m","message":"\u001b[31mError fetching NIFTY data: Invalid `api_key` or `access_token`.\u001b[39m","status":"error","timestamp":"2025-08-11 12:56:54:5654"}
{"data":null,"error_type":"InputException","level":"\u001b[31merror\u001b[39m","message":"\u001b[31mError fetching NIFTY data: Invalid `api_key` or `access_token`.\u001b[39m","status":"error","timestamp":"2025-08-11 12:57:24:5724"}
{"data":null,"error_type":"InputException","level":"\u001b[31merror\u001b[39m","message":"\u001b[31mError fetching NIFTY data: Invalid `api_key` or `access_token`.\u001b[39m","status":"error","timestamp":"2025-08-11 12:57:54:5754"}
{"data":null,"error_type":"InputException","level":"\u001b[31merror\u001b[39m","message":"\u001b[31mError fetching NIFTY data: Invalid `api_key` or `access_token`.\u001b[39m","status":"error","timestamp":"2025-08-11 12:58:24:5824"}
{"data":null,"error_type":"InputException","level":"\u001b[31merror\u001b[39m","message":"\u001b[31mError fetching NIFTY data: Invalid `api_key` or `access_token`.\u001b[39m","status":"error","timestamp":"2025-08-11 12:58:54:5854"}
{"data":null,"error_type":"InputException","level":"\u001b[31merror\u001b[39m","message":"\u001b[31mError fetching NIFTY data: Invalid `api_key` or `access_token`.\u001b[39m","status":"error","timestamp":"2025-08-11 12:59:24:5924"}
{"data":null,"error_type":"InputException","level":"\u001b[31merror\u001b[39m","message":"\u001b[31mError fetching NIFTY data: Invalid `api_key` or `access_token`.\u001b[39m","status":"error","timestamp":"2025-08-11 12:59:54:5954"}
{"data":null,"error_type":"InputException","level":"\u001b[31merror\u001b[39m","message":"\u001b[31mError fetching NIFTY data: Invalid `api_key` or `access_token`.\u001b[39m","status":"error","timestamp":"2025-08-11 13:00:24:024"}
{"data":null,"error_type":"InputException","level":"\u001b[31merror\u001b[39m","message":"\u001b[31mError fetching NIFTY data: Invalid `api_key` or `access_token`.\u001b[39m","status":"error","timestamp":"2025-08-11 13:00:54:054"}
{"data":null,"error_type":"InputException","level":"\u001b[31merror\u001b[39m","message":"\u001b[31mError fetching NIFTY data: Invalid `api_key` or `access_token`.\u001b[39m","status":"error","timestamp":"2025-08-11 13:01:24:124"}
{"data":null,"error_type":"InputException","level":"\u001b[31merror\u001b[39m","message":"\u001b[31mError fetching NIFTY data: Invalid `api_key` or `access_token`.\u001b[39m","status":"error","timestamp":"2025-08-11 13:01:54:154"}
{"data":null,"error_type":"InputException","level":"\u001b[31merror\u001b[39m","message":"\u001b[31mError fetching NIFTY data: Invalid `api_key` or `access_token`.\u001b[39m","status":"error","timestamp":"2025-08-11 13:02:24:224"}
{"data":null,"error_type":"InputException","level":"\u001b[31merror\u001b[39m","message":"\u001b[31mError fetching NIFTY data: Invalid `api_key` or `access_token`.\u001b[39m","status":"error","timestamp":"2025-08-11 13:02:54:254"}
{"data":null,"error_type":"InputException","level":"\u001b[31merror\u001b[39m","message":"\u001b[31mError fetching NIFTY data: Invalid `api_key` or `access_token`.\u001b[39m","status":"error","timestamp":"2025-08-11 13:03:24:324"}
{"data":null,"error_type":"InputException","level":"\u001b[31merror\u001b[39m","message":"\u001b[31mError fetching NIFTY data: Invalid `api_key` or `access_token`.\u001b[39m","status":"error","timestamp":"2025-08-11 13:03:54:354"}
{"data":null,"error_type":"InputException","level":"\u001b[31merror\u001b[39m","message":"\u001b[31mError fetching NIFTY data: Invalid `api_key` or `access_token`.\u001b[39m","status":"error","timestamp":"2025-08-11 13:04:24:424"}
{"data":null,"error_type":"InputException","level":"\u001b[31merror\u001b[39m","message":"\u001b[31mError fetching NIFTY data: Invalid `api_key` or `access_token`.\u001b[39m","status":"error","timestamp":"2025-08-11 13:04:54:454"}
{"data":null,"error_type":"InputException","level":"\u001b[31merror\u001b[39m","message":"\u001b[31mError fetching NIFTY data: Invalid `api_key` or `access_token`.\u001b[39m","status":"error","timestamp":"2025-08-11 13:05:24:524"}
{"data":null,"error_type":"InputException","level":"\u001b[31merror\u001b[39m","message":"\u001b[31mError fetching NIFTY data: Invalid `api_key` or `access_token`.\u001b[39m","status":"error","timestamp":"2025-08-11 13:05:54:554"}
{"data":null,"error_type":"InputException","level":"\u001b[31merror\u001b[39m","message":"\u001b[31mError fetching NIFTY data: Invalid `api_key` or `access_token`.\u001b[39m","status":"error","timestamp":"2025-08-11 13:06:24:624"}
{"data":null,"error_type":"InputException","level":"\u001b[31merror\u001b[39m","message":"\u001b[31mError fetching NIFTY data: Invalid `api_key` or `access_token`.\u001b[39m","status":"error","timestamp":"2025-08-11 13:06:54:654"}
{"data":null,"error_type":"InputException","level":"\u001b[31merror\u001b[39m","message":"\u001b[31mError fetching NIFTY data: Invalid `api_key` or `access_token`.\u001b[39m","status":"error","timestamp":"2025-08-11 13:07:24:724"}
{"data":null,"error_type":"InputException","level":"\u001b[31merror\u001b[39m","message":"\u001b[31mError fetching NIFTY data: Invalid `api_key` or `access_token`.\u001b[39m","status":"error","timestamp":"2025-08-11 13:07:54:754"}
{"data":null,"error_type":"InputException","level":"\u001b[31merror\u001b[39m","message":"\u001b[31mError fetching NIFTY data: Invalid `api_key` or `access_token`.\u001b[39m","status":"error","timestamp":"2025-08-11 13:08:24:824"}
{"data":null,"error_type":"InputException","level":"\u001b[31merror\u001b[39m","message":"\u001b[31mError fetching NIFTY data: Invalid `api_key` or `access_token`.\u001b[39m","status":"error","timestamp":"2025-08-11 13:08:54:854"}
{"data":null,"error_type":"InputException","level":"\u001b[31merror\u001b[39m","message":"\u001b[31mError fetching NIFTY data: Invalid `api_key` or `access_token`.\u001b[39m","status":"error","timestamp":"2025-08-11 13:09:24:924"}
{"data":null,"error_type":"InputException","level":"\u001b[31merror\u001b[39m","message":"\u001b[31mError fetching NIFTY data: Invalid `api_key` or `access_token`.\u001b[39m","status":"error","timestamp":"2025-08-11 13:09:54:954"}
{"data":null,"error_type":"InputException","level":"\u001b[31merror\u001b[39m","message":"\u001b[31mError fetching NIFTY data: Invalid `api_key` or `access_token`.\u001b[39m","status":"error","timestamp":"2025-08-11 13:10:24:1024"}
{"data":null,"error_type":"InputException","level":"\u001b[31merror\u001b[39m","message":"\u001b[31mError fetching NIFTY data: Invalid `api_key` or `access_token`.\u001b[39m","status":"error","timestamp":"2025-08-11 13:10:54:1054"}
{"data":null,"error_type":"InputException","level":"\u001b[31merror\u001b[39m","message":"\u001b[31mError fetching NIFTY data: Invalid `api_key` or `access_token`.\u001b[39m","status":"error","timestamp":"2025-08-11 13:11:24:1124"}
{"data":null,"error_type":"InputException","level":"\u001b[31merror\u001b[39m","message":"\u001b[31mError fetching NIFTY data: Invalid `api_key` or `access_token`.\u001b[39m","status":"error","timestamp":"2025-08-11 13:11:54:1154"}
{"data":null,"error_type":"InputException","level":"\u001b[31merror\u001b[39m","message":"\u001b[31mError fetching NIFTY data: Invalid `api_key` or `access_token`.\u001b[39m","status":"error","timestamp":"2025-08-11 13:12:24:1224"}
{"data":null,"error_type":"InputException","level":"\u001b[31merror\u001b[39m","message":"\u001b[31mError fetching NIFTY data: Invalid `api_key` or `access_token`.\u001b[39m","status":"error","timestamp":"2025-08-11 13:12:54:1254"}
{"data":null,"error_type":"InputException","level":"\u001b[31merror\u001b[39m","message":"\u001b[31mError fetching NIFTY data: Invalid `api_key` or `access_token`.\u001b[39m","status":"error","timestamp":"2025-08-11 13:13:24:1324"}
{"data":null,"error_type":"InputException","level":"\u001b[31merror\u001b[39m","message":"\u001b[31mError fetching NIFTY data: Invalid `api_key` or `access_token`.\u001b[39m","status":"error","timestamp":"2025-08-11 13:13:54:1354"}
{"data":null,"error_type":"InputException","level":"\u001b[31merror\u001b[39m","message":"\u001b[31mError fetching NIFTY data: Invalid `api_key` or `access_token`.\u001b[39m","status":"error","timestamp":"2025-08-11 13:14:24:1424"}
{"data":null,"error_type":"InputException","level":"\u001b[31merror\u001b[39m","message":"\u001b[31mError fetching NIFTY data: Invalid `api_key` or `access_token`.\u001b[39m","status":"error","timestamp":"2025-08-11 13:14:54:1454"}
{"data":null,"error_type":"InputException","level":"\u001b[31merror\u001b[39m","message":"\u001b[31mError fetching NIFTY data: Invalid `api_key` or `access_token`.\u001b[39m","status":"error","timestamp":"2025-08-11 13:15:24:1524"}
{"data":null,"error_type":"InputException","level":"\u001b[31merror\u001b[39m","message":"\u001b[31mError fetching NIFTY data: Invalid `api_key` or `access_token`.\u001b[39m","status":"error","timestamp":"2025-08-11 13:15:54:1554"}
{"data":null,"error_type":"InputException","level":"\u001b[31merror\u001b[39m","message":"\u001b[31mError fetching NIFTY data: Invalid `api_key` or `access_token`.\u001b[39m","status":"error","timestamp":"2025-08-11 13:16:24:1624"}
{"data":null,"error_type":"InputException","level":"\u001b[31merror\u001b[39m","message":"\u001b[31mError fetching NIFTY data: Invalid `api_key` or `access_token`.\u001b[39m","status":"error","timestamp":"2025-08-11 13:16:54:1654"}
{"data":null,"error_type":"InputException","level":"\u001b[31merror\u001b[39m","message":"\u001b[31mError fetching NIFTY data: Invalid `api_key` or `access_token`.\u001b[39m","status":"error","timestamp":"2025-08-11 13:17:24:1724"}
{"data":null,"error_type":"InputException","level":"\u001b[31merror\u001b[39m","message":"\u001b[31mError fetching NIFTY data: Invalid `api_key` or `access_token`.\u001b[39m","status":"error","timestamp":"2025-08-11 13:17:54:1754"}
{"data":null,"error_type":"InputException","level":"\u001b[31merror\u001b[39m","message":"\u001b[31mError fetching NIFTY data: Invalid `api_key` or `access_token`.\u001b[39m","status":"error","timestamp":"2025-08-11 13:18:24:1824"}
{"data":null,"error_type":"InputException","level":"\u001b[31merror\u001b[39m","message":"\u001b[31mError fetching NIFTY data: Invalid `api_key` or `access_token`.\u001b[39m","status":"error","timestamp":"2025-08-11 13:18:54:1854"}
{"data":null,"error_type":"InputException","level":"\u001b[31merror\u001b[39m","message":"\u001b[31mError fetching NIFTY data: Invalid `api_key` or `access_token`.\u001b[39m","status":"error","timestamp":"2025-08-11 13:19:24:1924"}
{"data":null,"error_type":"InputException","level":"\u001b[31merror\u001b[39m","message":"\u001b[31mError fetching NIFTY data: Invalid `api_key` or `access_token`.\u001b[39m","status":"error","timestamp":"2025-08-11 13:19:54:1954"}
{"data":null,"error_type":"NetworkException","level":"\u001b[31merror\u001b[39m","message":"\u001b[31mError fetching NIFTY data: No response from server with error code: ECONNABORTED\u001b[39m","timestamp":"2025-08-11 13:20:31:2031"}
{"data":null,"error_type":"InputException","level":"\u001b[31merror\u001b[39m","message":"\u001b[31mError fetching NIFTY data: Invalid `api_key` or `access_token`.\u001b[39m","status":"error","timestamp":"2025-08-11 13:20:54:2054"}
{"data":null,"error_type":"InputException","level":"\u001b[31merror\u001b[39m","message":"\u001b[31mError fetching NIFTY data: Invalid `api_key` or `access_token`.\u001b[39m","status":"error","timestamp":"2025-08-11 13:21:24:2124"}
{"data":null,"error_type":"InputException","level":"\u001b[31merror\u001b[39m","message":"\u001b[31mError fetching NIFTY data: Invalid `api_key` or `access_token`.\u001b[39m","status":"error","timestamp":"2025-08-11 13:21:54:2154"}
{"data":null,"error_type":"InputException","level":"\u001b[31merror\u001b[39m","message":"\u001b[31mError fetching NIFTY data: Invalid `api_key` or `access_token`.\u001b[39m","status":"error","timestamp":"2025-08-11 13:22:24:2224"}
{"data":null,"error_type":"InputException","level":"\u001b[31merror\u001b[39m","message":"\u001b[31mError fetching NIFTY data: Invalid `api_key` or `access_token`.\u001b[39m","status":"error","timestamp":"2025-08-11 13:22:54:2254"}
{"data":null,"error_type":"InputException","level":"\u001b[31merror\u001b[39m","message":"\u001b[31mError fetching NIFTY data: Invalid `api_key` or `access_token`.\u001b[39m","status":"error","timestamp":"2025-08-11 13:23:24:2324"}
{"data":null,"error_type":"InputException","level":"\u001b[31merror\u001b[39m","message":"\u001b[31mError fetching NIFTY data: Invalid `api_key` or `access_token`.\u001b[39m","status":"error","timestamp":"2025-08-11 13:23:54:2354"}
{"data":null,"error_type":"InputException","level":"\u001b[31merror\u001b[39m","message":"\u001b[31mError fetching NIFTY data: Invalid `api_key` or `access_token`.\u001b[39m","status":"error","timestamp":"2025-08-11 13:24:24:2424"}
{"data":null,"error_type":"InputException","level":"\u001b[31merror\u001b[39m","message":"\u001b[31mError fetching NIFTY data: Invalid `api_key` or `access_token`.\u001b[39m","status":"error","timestamp":"2025-08-11 13:24:54:2454"}
{"data":null,"error_type":"InputException","level":"\u001b[31merror\u001b[39m","message":"\u001b[31mError fetching NIFTY data: Invalid `api_key` or `access_token`.\u001b[39m","status":"error","timestamp":"2025-08-11 13:25:24:2524"}
{"data":null,"error_type":"InputException","level":"\u001b[31merror\u001b[39m","message":"\u001b[31mError fetching NIFTY data: Invalid `api_key` or `access_token`.\u001b[39m","status":"error","timestamp":"2025-08-11 13:25:54:2554"}
{"data":null,"error_type":"InputException","level":"\u001b[31merror\u001b[39m","message":"\u001b[31mError fetching NIFTY data: Invalid `api_key` or `access_token`.\u001b[39m","status":"error","timestamp":"2025-08-11 13:26:24:2624"}
{"data":null,"error_type":"InputException","level":"\u001b[31merror\u001b[39m","message":"\u001b[31mError fetching NIFTY data: Invalid `api_key` or `access_token`.\u001b[39m","status":"error","timestamp":"2025-08-11 13:26:54:2654"}
{"data":null,"error_type":"InputException","level":"\u001b[31merror\u001b[39m","message":"\u001b[31mError fetching NIFTY data: Invalid `api_key` or `access_token`.\u001b[39m","status":"error","timestamp":"2025-08-11 13:27:24:2724"}
{"data":null,"error_type":"InputException","level":"\u001b[31merror\u001b[39m","message":"\u001b[31mError fetching NIFTY data: Invalid `api_key` or `access_token`.\u001b[39m","status":"error","timestamp":"2025-08-11 13:27:55:2755"}
{"data":null,"error_type":"InputException","level":"\u001b[31merror\u001b[39m","message":"\u001b[31mError fetching NIFTY data: Invalid `api_key` or `access_token`.\u001b[39m","status":"error","timestamp":"2025-08-11 13:28:24:2824"}
{"data":null,"error_type":"InputException","level":"\u001b[31merror\u001b[39m","message":"\u001b[31mError fetching NIFTY data: Invalid `api_key` or `access_token`.\u001b[39m","status":"error","timestamp":"2025-08-11 13:28:54:2854"}
{"data":null,"error_type":"InputException","level":"\u001b[31merror\u001b[39m","message":"\u001b[31mError fetching NIFTY data: Invalid `api_key` or `access_token`.\u001b[39m","status":"error","timestamp":"2025-08-11 13:29:24:2924"}
{"data":null,"error_type":"InputException","level":"\u001b[31merror\u001b[39m","message":"\u001b[31mError fetching NIFTY data: Invalid `api_key` or `access_token`.\u001b[39m","status":"error","timestamp":"2025-08-11 13:29:54:2954"}
{"data":null,"error_type":"InputException","level":"\u001b[31merror\u001b[39m","message":"\u001b[31mError fetching NIFTY data: Invalid `api_key` or `access_token`.\u001b[39m","status":"error","timestamp":"2025-08-11 13:30:24:3024"}
{"data":null,"error_type":"InputException","level":"\u001b[31merror\u001b[39m","message":"\u001b[31mError fetching NIFTY data: Invalid `api_key` or `access_token`.\u001b[39m","status":"error","timestamp":"2025-08-11 13:30:54:3054"}
{"data":null,"error_type":"InputException","level":"\u001b[31merror\u001b[39m","message":"\u001b[31mError fetching NIFTY data: Invalid `api_key` or `access_token`.\u001b[39m","status":"error","timestamp":"2025-08-11 13:31:24:3124"}
{"data":null,"error_type":"InputException","level":"\u001b[31merror\u001b[39m","message":"\u001b[31mError fetching NIFTY data: Invalid `api_key` or `access_token`.\u001b[39m","status":"error","timestamp":"2025-08-11 13:31:54:3154"}
{"data":null,"error_type":"InputException","level":"\u001b[31merror\u001b[39m","message":"\u001b[31mError fetching NIFTY data: Invalid `api_key` or `access_token`.\u001b[39m","status":"error","timestamp":"2025-08-11 13:32:24:3224"}
{"data":null,"error_type":"InputException","level":"\u001b[31merror\u001b[39m","message":"\u001b[31mError fetching NIFTY data: Invalid `api_key` or `access_token`.\u001b[39m","status":"error","timestamp":"2025-08-11 13:32:55:3255"}
{"data":null,"error_type":"InputException","level":"\u001b[31merror\u001b[39m","message":"\u001b[31mError fetching NIFTY data: Invalid `api_key` or `access_token`.\u001b[39m","status":"error","timestamp":"2025-08-11 13:33:24:3324"}
{"data":null,"error_type":"InputException","level":"\u001b[31merror\u001b[39m","message":"\u001b[31mError fetching NIFTY data: Invalid `api_key` or `access_token`.\u001b[39m","status":"error","timestamp":"2025-08-11 13:33:54:3354"}
{"data":null,"error_type":"InputException","level":"\u001b[31merror\u001b[39m","message":"\u001b[31mError fetching NIFTY data: Invalid `api_key` or `access_token`.\u001b[39m","status":"error","timestamp":"2025-08-11 13:34:24:3424"}
{"data":null,"error_type":"InputException","level":"\u001b[31merror\u001b[39m","message":"\u001b[31mError fetching NIFTY data: Invalid `api_key` or `access_token`.\u001b[39m","status":"error","timestamp":"2025-08-11 13:34:54:3454"}
{"data":null,"error_type":"InputException","level":"\u001b[31merror\u001b[39m","message":"\u001b[31mError fetching NIFTY data: Invalid `api_key` or `access_token`.\u001b[39m","status":"error","timestamp":"2025-08-11 13:35:24:3524"}
{"data":null,"error_type":"InputException","level":"\u001b[31merror\u001b[39m","message":"\u001b[31mError fetching NIFTY data: Invalid `api_key` or `access_token`.\u001b[39m","status":"error","timestamp":"2025-08-11 13:35:54:3554"}
{"data":null,"error_type":"InputException","level":"\u001b[31merror\u001b[39m","message":"\u001b[31mError fetching NIFTY data: Invalid `api_key` or `access_token`.\u001b[39m","status":"error","timestamp":"2025-08-11 13:36:24:3624"}
{"data":null,"error_type":"InputException","level":"\u001b[31merror\u001b[39m","message":"\u001b[31mError fetching NIFTY data: Invalid `api_key` or `access_token`.\u001b[39m","status":"error","timestamp":"2025-08-11 13:36:54:3654"}
{"data":null,"error_type":"InputException","level":"\u001b[31merror\u001b[39m","message":"\u001b[31mError fetching NIFTY data: Invalid `api_key` or `access_token`.\u001b[39m","status":"error","timestamp":"2025-08-11 13:38:13:3813"}
{"data":null,"error_type":"InputException","level":"\u001b[31merror\u001b[39m","message":"\u001b[31mError fetching NIFTY data: Invalid `api_key` or `access_token`.\u001b[39m","status":"error","timestamp":"2025-08-11 13:38:43:3843"}
{"data":null,"error_type":"InputException","level":"\u001b[31merror\u001b[39m","message":"\u001b[31mError fetching NIFTY data: Invalid `api_key` or `access_token`.\u001b[39m","status":"error","timestamp":"2025-08-11 13:39:13:3913"}
{"data":null,"error_type":"InputException","level":"\u001b[31merror\u001b[39m","message":"\u001b[31mError fetching NIFTY data: Invalid `api_key` or `access_token`.\u001b[39m","status":"error","timestamp":"2025-08-11 13:39:43:3943"}
{"data":null,"error_type":"InputException","level":"\u001b[31merror\u001b[39m","message":"\u001b[31mError fetching NIFTY data: Invalid `api_key` or `access_token`.\u001b[39m","status":"error","timestamp":"2025-08-11 13:40:13:4013"}
{"data":null,"error_type":"InputException","level":"\u001b[31merror\u001b[39m","message":"\u001b[31mError fetching NIFTY data: Invalid `api_key` or `access_token`.\u001b[39m","status":"error","timestamp":"2025-08-11 13:40:43:4043"}
{"data":null,"error_type":"InputException","level":"\u001b[31merror\u001b[39m","message":"\u001b[31mError fetching NIFTY data: Invalid `api_key` or `access_token`.\u001b[39m","status":"error","timestamp":"2025-08-11 13:41:13:4113"}
{"data":null,"error_type":"InputException","level":"\u001b[31merror\u001b[39m","message":"\u001b[31mError fetching NIFTY data: Invalid `api_key` or `access_token`.\u001b[39m","status":"error","timestamp":"2025-08-11 13:41:43:4143"}
{"data":null,"error_type":"InputException","level":"\u001b[31merror\u001b[39m","message":"\u001b[31mError fetching NIFTY data: Invalid `api_key` or `access_token`.\u001b[39m","status":"error","timestamp":"2025-08-11 13:42:13:4213"}
{"data":null,"error_type":"InputException","level":"\u001b[31merror\u001b[39m","message":"\u001b[31mError fetching NIFTY data: Invalid `api_key` or `access_token`.\u001b[39m","status":"error","timestamp":"2025-08-11 13:42:43:4243"}
{"data":null,"error_type":"InputException","level":"\u001b[31merror\u001b[39m","message":"\u001b[31mError fetching NIFTY data: Invalid `api_key` or `access_token`.\u001b[39m","status":"error","timestamp":"2025-08-11 13:43:13:4313"}
{"data":null,"error_type":"InputException","level":"\u001b[31merror\u001b[39m","message":"\u001b[31mError fetching NIFTY data: Invalid `api_key` or `access_token`.\u001b[39m","status":"error","timestamp":"2025-08-11 13:43:43:4343"}
{"data":null,"error_type":"InputException","level":"\u001b[31merror\u001b[39m","message":"\u001b[31mError fetching NIFTY data: Invalid `api_key` or `access_token`.\u001b[39m","status":"error","timestamp":"2025-08-11 13:44:13:4413"}
{"data":null,"error_type":"InputException","level":"\u001b[31merror\u001b[39m","message":"\u001b[31mError fetching NIFTY data: Invalid `api_key` or `access_token`.\u001b[39m","status":"error","timestamp":"2025-08-11 13:44:43:4443"}
{"data":null,"error_type":"InputException","level":"\u001b[31merror\u001b[39m","message":"\u001b[31mError fetching NIFTY data: Invalid `api_key` or `access_token`.\u001b[39m","status":"error","timestamp":"2025-08-11 13:45:13:4513"}
{"data":null,"error_type":"InputException","level":"\u001b[31merror\u001b[39m","message":"\u001b[31mError fetching NIFTY data: Invalid `api_key` or `access_token`.\u001b[39m","status":"error","timestamp":"2025-08-11 13:45:43:4543"}
{"data":null,"error_type":"InputException","level":"\u001b[31merror\u001b[39m","message":"\u001b[31mError fetching NIFTY data: Invalid `api_key` or `access_token`.\u001b[39m","status":"error","timestamp":"2025-08-11 13:46:13:4613"}
{"data":null,"error_type":"InputException","level":"\u001b[31merror\u001b[39m","message":"\u001b[31mError fetching NIFTY data: Invalid `api_key` or `access_token`.\u001b[39m","status":"error","timestamp":"2025-08-11 13:46:43:4643"}
{"data":null,"error_type":"InputException","level":"\u001b[31merror\u001b[39m","message":"\u001b[31mError fetching NIFTY data: Invalid `api_key` or `access_token`.\u001b[39m","status":"error","timestamp":"2025-08-11 13:47:13:4713"}
{"data":null,"error_type":"InputException","level":"\u001b[31merror\u001b[39m","message":"\u001b[31mError fetching NIFTY data: Invalid `api_key` or `access_token`.\u001b[39m","status":"error","timestamp":"2025-08-11 13:47:43:4743"}
{"data":null,"error_type":"InputException","level":"\u001b[31merror\u001b[39m","message":"\u001b[31mError fetching NIFTY data: Invalid `api_key` or `access_token`.\u001b[39m","status":"error","timestamp":"2025-08-11 13:48:13:4813"}
{"data":null,"error_type":"InputException","level":"\u001b[31merror\u001b[39m","message":"\u001b[31mError fetching NIFTY data: Invalid `api_key` or `access_token`.\u001b[39m","status":"error","timestamp":"2025-08-11 13:48:43:4843"}
{"data":null,"error_type":"InputException","level":"\u001b[31merror\u001b[39m","message":"\u001b[31mError fetching NIFTY data: Invalid `api_key` or `access_token`.\u001b[39m","status":"error","timestamp":"2025-08-11 13:49:13:4913"}
{"data":null,"error_type":"InputException","level":"\u001b[31merror\u001b[39m","message":"\u001b[31mError fetching NIFTY data: Invalid `api_key` or `access_token`.\u001b[39m","status":"error","timestamp":"2025-08-11 13:49:43:4943"}
{"data":null,"error_type":"InputException","level":"\u001b[31merror\u001b[39m","message":"\u001b[31mError fetching NIFTY data: Invalid `api_key` or `access_token`.\u001b[39m","status":"error","timestamp":"2025-08-11 13:50:13:5013"}
{"data":null,"error_type":"InputException","level":"\u001b[31merror\u001b[39m","message":"\u001b[31mError fetching NIFTY data: Invalid `api_key` or `access_token`.\u001b[39m","status":"error","timestamp":"2025-08-11 13:50:43:5043"}
{"data":null,"error_type":"InputException","level":"\u001b[31merror\u001b[39m","message":"\u001b[31mError fetching NIFTY data: Invalid `api_key` or `access_token`.\u001b[39m","status":"error","timestamp":"2025-08-11 13:51:13:5113"}
{"data":null,"error_type":"InputException","level":"\u001b[31merror\u001b[39m","message":"\u001b[31mError fetching NIFTY data: Invalid `api_key` or `access_token`.\u001b[39m","status":"error","timestamp":"2025-08-11 13:51:43:5143"}
{"data":null,"error_type":"InputException","level":"\u001b[31merror\u001b[39m","message":"\u001b[31mError fetching NIFTY data: Invalid `api_key` or `access_token`.\u001b[39m","status":"error","timestamp":"2025-08-11 13:52:13:5213"}
{"data":null,"error_type":"InputException","level":"\u001b[31merror\u001b[39m","message":"\u001b[31mError fetching NIFTY data: Invalid `api_key` or `access_token`.\u001b[39m","status":"error","timestamp":"2025-08-11 13:52:43:5243"}
{"data":null,"error_type":"InputException","level":"\u001b[31merror\u001b[39m","message":"\u001b[31mError fetching NIFTY data: Invalid `api_key` or `access_token`.\u001b[39m","status":"error","timestamp":"2025-08-11 13:53:13:5313"}
{"data":null,"error_type":"InputException","level":"\u001b[31merror\u001b[39m","message":"\u001b[31mError fetching NIFTY data: Invalid `api_key` or `access_token`.\u001b[39m","status":"error","timestamp":"2025-08-11 13:53:43:5343"}
{"data":null,"error_type":"InputException","level":"\u001b[31merror\u001b[39m","message":"\u001b[31mError fetching NIFTY data: Invalid `api_key` or `access_token`.\u001b[39m","status":"error","timestamp":"2025-08-11 13:54:13:5413"}
{"data":null,"error_type":"InputException","level":"\u001b[31merror\u001b[39m","message":"\u001b[31mError fetching NIFTY data: Invalid `api_key` or `access_token`.\u001b[39m","status":"error","timestamp":"2025-08-11 13:54:43:5443"}
{"data":null,"error_type":"InputException","level":"\u001b[31merror\u001b[39m","message":"\u001b[31mError fetching NIFTY data: Invalid `api_key` or `access_token`.\u001b[39m","status":"error","timestamp":"2025-08-11 13:57:17:5717"}
{"data":null,"error_type":"InputException","level":"\u001b[31merror\u001b[39m","message":"\u001b[31mError fetching NIFTY data: Invalid `api_key` or `access_token`.\u001b[39m","status":"error","timestamp":"2025-08-11 14:57:12:5712"}
{"level":"\u001b[31merror\u001b[39m","message":"\u001b[31mError GET /api/historical-summary: Route /api/historical-summary not found\u001b[39m","timestamp":"2025-08-11 14:57:13:5713"}
{"level":"\u001b[31merror\u001b[39m","message":"\u001b[31mError GET /api/login-url: Route /api/login-url not found\u001b[39m","timestamp":"2025-08-11 14:57:22:5722"}
{"level":"\u001b[31merror\u001b[39m","message":"\u001b[31mError GET /api/login-url: Route /api/login-url not found\u001b[39m","timestamp":"2025-08-11 14:57:26:5726"}
{"data":null,"error_type":"InputException","level":"\u001b[31merror\u001b[39m","message":"\u001b[31mError fetching NIFTY data: Invalid `api_key` or `access_token`.\u001b[39m","status":"error","timestamp":"2025-08-13 14:44:11:4411"}
{"level":"\u001b[31merror\u001b[39m","message":"\u001b[31mError GET /favicon.ico: Route /favicon.ico not found\u001b[39m","timestamp":"2025-08-13 14:44:12:4412"}
{"data":null,"error_type":"InputException","level":"\u001b[31merror\u001b[39m","message":"\u001b[31mError fetching NIFTY data: Invalid `api_key` or `access_token`.\u001b[39m","status":"error","timestamp":"2025-08-13 14:44:36:4436"}
{"level":"\u001b[31merror\u001b[39m","message":"\u001b[31mFailed to save data to Google Sheets: Failed to parse response: SyntaxError: Unexpected token '<', \"<!DOCTYPE \"... is not valid JSON\u001b[39m","stack":"Error: Failed to parse response: SyntaxError: Unexpected token '<', \"<!DOCTYPE \"... is not valid JSON\n    at IncomingMessage.<anonymous> (/Users/abhishekgoyal/Downloads/Abhishek/nse_tracking/dist/services/GoogleSheetsService.js:139:32)\n    at IncomingMessage.emit (node:events:526:35)\n    at endReadableNT (node:internal/streams/readable:1408:12)\n    at process.processTicksAndRejections (node:internal/process/task_queues:82:21)","timestamp":"2025-08-13 14:45:07:457"}
{"level":"\u001b[31merror\u001b[39m","message":"\u001b[31mFailed to save data to Google Sheets: Failed to parse response: SyntaxError: Unexpected token '<', \"<!DOCTYPE \"... is not valid JSON\u001b[39m","stack":"Error: Failed to parse response: SyntaxError: Unexpected token '<', \"<!DOCTYPE \"... is not valid JSON\n    at IncomingMessage.<anonymous> (/Users/abhishekgoyal/Downloads/Abhishek/nse_tracking/dist/services/GoogleSheetsService.js:139:32)\n    at IncomingMessage.emit (node:events:526:35)\n    at endReadableNT (node:internal/streams/readable:1408:12)\n    at process.processTicksAndRejections (node:internal/process/task_queues:82:21)","timestamp":"2025-08-13 14:45:37:4537"}
{"level":"\u001b[31merror\u001b[39m","message":"\u001b[31mFailed to save data to Google Sheets: Failed to parse response: SyntaxError: Unexpected token '<', \"<!DOCTYPE \"... is not valid JSON\u001b[39m","stack":"Error: Failed to parse response: SyntaxError: Unexpected token '<', \"<!DOCTYPE \"... is not valid JSON\n    at IncomingMessage.<anonymous> (/Users/abhishekgoyal/Downloads/Abhishek/nse_tracking/dist/services/GoogleSheetsService.js:139:32)\n    at IncomingMessage.emit (node:events:526:35)\n    at endReadableNT (node:internal/streams/readable:1408:12)\n    at process.processTicksAndRejections (node:internal/process/task_queues:82:21)","timestamp":"2025-08-13 14:46:07:467"}
{"level":"\u001b[31merror\u001b[39m","message":"\u001b[31mFailed to save data to Google Sheets: Failed to parse response: SyntaxError: Unexpected token '<', \"<!DOCTYPE \"... is not valid JSON\u001b[39m","stack":"Error: Failed to parse response: SyntaxError: Unexpected token '<', \"<!DOCTYPE \"... is not valid JSON\n    at IncomingMessage.<anonymous> (/Users/abhishekgoyal/Downloads/Abhishek/nse_tracking/dist/services/GoogleSheetsService.js:139:32)\n    at IncomingMessage.emit (node:events:526:35)\n    at endReadableNT (node:internal/streams/readable:1408:12)\n    at process.processTicksAndRejections (node:internal/process/task_queues:82:21)","timestamp":"2025-08-13 14:46:37:4637"}
{"level":"\u001b[31merror\u001b[39m","message":"\u001b[31mFailed to save data to Google Sheets: Failed to parse response: SyntaxError: Unexpected token '<', \"<!DOCTYPE \"... is not valid JSON\u001b[39m","stack":"Error: Failed to parse response: SyntaxError: Unexpected token '<', \"<!DOCTYPE \"... is not valid JSON\n    at IncomingMessage.<anonymous> (/Users/abhishekgoyal/Downloads/Abhishek/nse_tracking/dist/services/GoogleSheetsService.js:139:32)\n    at IncomingMessage.emit (node:events:526:35)\n    at endReadableNT (node:internal/streams/readable:1408:12)\n    at process.processTicksAndRejections (node:internal/process/task_queues:82:21)","timestamp":"2025-08-13 14:47:07:477"}
{"level":"\u001b[31merror\u001b[39m","message":"\u001b[31mFailed to save data to Google Sheets: Failed to parse response: SyntaxError: Unexpected token '<', \"<!DOCTYPE \"... is not valid JSON\u001b[39m","stack":"Error: Failed to parse response: SyntaxError: Unexpected token '<', \"<!DOCTYPE \"... is not valid JSON\n    at IncomingMessage.<anonymous> (/Users/abhishekgoyal/Downloads/Abhishek/nse_tracking/dist/services/GoogleSheetsService.js:139:32)\n    at IncomingMessage.emit (node:events:526:35)\n    at endReadableNT (node:internal/streams/readable:1408:12)\n    at process.processTicksAndRejections (node:internal/process/task_queues:82:21)","timestamp":"2025-08-13 14:47:37:4737"}
{"level":"\u001b[31merror\u001b[39m","message":"\u001b[31mFailed to save data to Google Sheets: Failed to parse response: SyntaxError: Unexpected token '<', \"<!DOCTYPE \"... is not valid JSON\u001b[39m","stack":"Error: Failed to parse response: SyntaxError: Unexpected token '<', \"<!DOCTYPE \"... is not valid JSON\n    at IncomingMessage.<anonymous> (/Users/abhishekgoyal/Downloads/Abhishek/nse_tracking/dist/services/GoogleSheetsService.js:139:32)\n    at IncomingMessage.emit (node:events:526:35)\n    at endReadableNT (node:internal/streams/readable:1408:12)\n    at process.processTicksAndRejections (node:internal/process/task_queues:82:21)","timestamp":"2025-08-13 14:48:07:487"}
{"level":"\u001b[31merror\u001b[39m","message":"\u001b[31mError GET /favicon.ico: Route /favicon.ico not found\u001b[39m","timestamp":"2025-08-13 14:48:32:4832"}
{"data":null,"error_type":"InputException","level":"\u001b[31merror\u001b[39m","message":"\u001b[31mError fetching NIFTY data: Invalid `api_key` or `access_token`.\u001b[39m","status":"error","timestamp":"2025-08-13 14:48:34:4834"}
{"level":"\u001b[31merror\u001b[39m","message":"\u001b[31mGoogle Sheets API returned HTML instead of JSON. Status: 404\u001b[39m","timestamp":"2025-08-13 14:49:01:491"}
{"level":"\u001b[31merror\u001b[39m","message":"\u001b[31mResponse preview: <!DOCTYPE html>\u001b[39m\n\u001b[31m<html lang=en>\u001b[39m\n\u001b[31m  <meta charset=utf-8>\u001b[39m\n\u001b[31m  <meta name=viewport content=\"initial-scale=1, minimum-scale=1, width=device-width\">\u001b[39m\n\u001b[31m  <title>Error 404 (Not Found)!!1</title>\u001b[39m\n\u001b[31m  <style>\u001b[39m\n\u001b[31m    *{ma...\u001b[39m","timestamp":"2025-08-13 14:49:01:491"}
{"level":"\u001b[31merror\u001b[39m","message":"\u001b[31mFailed to save data to Google Sheets: Google Sheets API returned HTML error page. Status: 404. This usually indicates authentication or permission issues.\u001b[39m","stack":"Error: Google Sheets API returned HTML error page. Status: 404. This usually indicates authentication or permission issues.\n    at IncomingMessage.<anonymous> (/Users/abhishekgoyal/Downloads/Abhishek/nse_tracking/dist/services/GoogleSheetsService.js:148:32)\n    at IncomingMessage.emit (node:events:526:35)\n    at endReadableNT (node:internal/streams/readable:1408:12)\n    at process.processTicksAndRejections (node:internal/process/task_queues:82:21)","timestamp":"2025-08-13 14:49:01:491"}
{"level":"\u001b[31merror\u001b[39m","message":"\u001b[31mGoogle Sheets API returned HTML instead of JSON. Status: 404\u001b[39m","timestamp":"2025-08-13 14:49:31:4931"}
{"level":"\u001b[31merror\u001b[39m","message":"\u001b[31mResponse preview: <!DOCTYPE html>\u001b[39m\n\u001b[31m<html lang=en>\u001b[39m\n\u001b[31m  <meta charset=utf-8>\u001b[39m\n\u001b[31m  <meta name=viewport content=\"initial-scale=1, minimum-scale=1, width=device-width\">\u001b[39m\n\u001b[31m  <title>Error 404 (Not Found)!!1</title>\u001b[39m\n\u001b[31m  <style>\u001b[39m\n\u001b[31m    *{ma...\u001b[39m","timestamp":"2025-08-13 14:49:31:4931"}
{"level":"\u001b[31merror\u001b[39m","message":"\u001b[31mFailed to save data to Google Sheets: Google Sheets API returned HTML error page. Status: 404. This usually indicates authentication or permission issues.\u001b[39m","stack":"Error: Google Sheets API returned HTML error page. Status: 404. This usually indicates authentication or permission issues.\n    at IncomingMessage.<anonymous> (/Users/abhishekgoyal/Downloads/Abhishek/nse_tracking/dist/services/GoogleSheetsService.js:148:32)\n    at IncomingMessage.emit (node:events:526:35)\n    at endReadableNT (node:internal/streams/readable:1408:12)\n    at process.processTicksAndRejections (node:internal/process/task_queues:82:21)","timestamp":"2025-08-13 14:49:31:4931"}
{"level":"\u001b[31merror\u001b[39m","message":"\u001b[31mGoogle Sheets API returned HTML instead of JSON. Status: 404\u001b[39m","timestamp":"2025-08-13 14:50:01:501"}
{"level":"\u001b[31merror\u001b[39m","message":"\u001b[31mResponse preview: <!DOCTYPE html>\u001b[39m\n\u001b[31m<html lang=en>\u001b[39m\n\u001b[31m  <meta charset=utf-8>\u001b[39m\n\u001b[31m  <meta name=viewport content=\"initial-scale=1, minimum-scale=1, width=device-width\">\u001b[39m\n\u001b[31m  <title>Error 404 (Not Found)!!1</title>\u001b[39m\n\u001b[31m  <style>\u001b[39m\n\u001b[31m    *{ma...\u001b[39m","timestamp":"2025-08-13 14:50:01:501"}
{"level":"\u001b[31merror\u001b[39m","message":"\u001b[31mFailed to save data to Google Sheets: Google Sheets API returned HTML error page. Status: 404. This usually indicates authentication or permission issues.\u001b[39m","stack":"Error: Google Sheets API returned HTML error page. Status: 404. This usually indicates authentication or permission issues.\n    at IncomingMessage.<anonymous> (/Users/abhishekgoyal/Downloads/Abhishek/nse_tracking/dist/services/GoogleSheetsService.js:148:32)\n    at IncomingMessage.emit (node:events:526:35)\n    at endReadableNT (node:internal/streams/readable:1408:12)\n    at process.processTicksAndRejections (node:internal/process/task_queues:82:21)","timestamp":"2025-08-13 14:50:01:501"}
{"level":"\u001b[31merror\u001b[39m","message":"\u001b[31mGoogle Sheets API returned HTML instead of JSON. Status: 404\u001b[39m","timestamp":"2025-08-13 14:50:31:5031"}
{"level":"\u001b[31merror\u001b[39m","message":"\u001b[31mResponse preview: <!DOCTYPE html>\u001b[39m\n\u001b[31m<html lang=en>\u001b[39m\n\u001b[31m  <meta charset=utf-8>\u001b[39m\n\u001b[31m  <meta name=viewport content=\"initial-scale=1, minimum-scale=1, width=device-width\">\u001b[39m\n\u001b[31m  <title>Error 404 (Not Found)!!1</title>\u001b[39m\n\u001b[31m  <style>\u001b[39m\n\u001b[31m    *{ma...\u001b[39m","timestamp":"2025-08-13 14:50:31:5031"}
{"level":"\u001b[31merror\u001b[39m","message":"\u001b[31mFailed to save data to Google Sheets: Google Sheets API returned HTML error page. Status: 404. This usually indicates authentication or permission issues.\u001b[39m","stack":"Error: Google Sheets API returned HTML error page. Status: 404. This usually indicates authentication or permission issues.\n    at IncomingMessage.<anonymous> (/Users/abhishekgoyal/Downloads/Abhishek/nse_tracking/dist/services/GoogleSheetsService.js:148:32)\n    at IncomingMessage.emit (node:events:526:35)\n    at endReadableNT (node:internal/streams/readable:1408:12)\n    at process.processTicksAndRejections (node:internal/process/task_queues:82:21)","timestamp":"2025-08-13 14:50:31:5031"}
{"data":null,"error_type":"InputException","level":"\u001b[31merror\u001b[39m","message":"\u001b[31mError fetching NIFTY data: Invalid `api_key` or `access_token`.\u001b[39m","status":"error","timestamp":"2025-08-13 15:03:46:346"}
{"level":"\u001b[31merror\u001b[39m","message":"\u001b[31mError GET /favicon.ico: Route /favicon.ico not found\u001b[39m","timestamp":"2025-08-13 15:03:51:351"}
{"data":null,"error_type":"InputException","level":"\u001b[31merror\u001b[39m","message":"\u001b[31mError fetching NIFTY data: Invalid `api_key` or `access_token`.\u001b[39m","status":"error","timestamp":"2025-08-13 15:04:11:411"}
{"level":"\u001b[31merror\u001b[39m","message":"\u001b[31mGoogle Sheets API returned HTML instead of JSON. Status: 404\u001b[39m","timestamp":"2025-08-13 15:04:43:443"}
{"level":"\u001b[31merror\u001b[39m","message":"\u001b[31mResponse preview: <!DOCTYPE html>\u001b[39m\n\u001b[31m<html lang=en>\u001b[39m\n\u001b[31m  <meta charset=utf-8>\u001b[39m\n\u001b[31m  <meta name=viewport content=\"initial-scale=1, minimum-scale=1, width=device-width\">\u001b[39m\n\u001b[31m  <title>Error 404 (Not Found)!!1</title>\u001b[39m\n\u001b[31m  <style>\u001b[39m\n\u001b[31m    *{ma...\u001b[39m","timestamp":"2025-08-13 15:04:43:443"}
{"level":"\u001b[31merror\u001b[39m","message":"\u001b[31mFailed to save data to Google Sheets: Google Sheets API returned HTML error page. Status: 404. This usually indicates authentication or permission issues.\u001b[39m","stack":"Error: Google Sheets API returned HTML error page. Status: 404. This usually indicates authentication or permission issues.\n    at IncomingMessage.<anonymous> (/Users/abhishekgoyal/Downloads/Abhishek/nse_tracking/dist/services/GoogleSheetsService.js:148:32)\n    at IncomingMessage.emit (node:events:526:35)\n    at endReadableNT (node:internal/streams/readable:1408:12)\n    at process.processTicksAndRejections (node:internal/process/task_queues:82:21)","timestamp":"2025-08-13 15:04:43:443"}
{"level":"\u001b[31merror\u001b[39m","message":"\u001b[31m Google Sheets: Sheet not found or not accessible. Check GOOGLE_SHEET_ID and permissions.\u001b[39m","timestamp":"2025-08-13 15:04:43:443"}
{"data":null,"error_type":"InputException","level":"\u001b[31merror\u001b[39m","message":"\u001b[31mError fetching NIFTY data: Invalid `api_key` or `access_token`.\u001b[39m","status":"error","timestamp":"2025-08-13 15:20:37:2037"}
{"level":"\u001b[31merror\u001b[39m","message":"\u001b[31mError GET /favicon.ico: Route /favicon.ico not found\u001b[39m","timestamp":"2025-08-13 15:20:40:2040"}
{"data":null,"error_type":"InputException","level":"\u001b[31merror\u001b[39m","message":"\u001b[31mError fetching NIFTY data: Invalid `api_key` or `access_token`.\u001b[39m","status":"error","timestamp":"2025-08-13 15:21:02:212"}
{"level":"\u001b[31merror\u001b[39m","message":"\u001b[31mGoogle Sheets API returned HTML instead of JSON. Status: 404\u001b[39m","timestamp":"2025-08-13 15:21:33:2133"}
{"level":"\u001b[31merror\u001b[39m","message":"\u001b[31mResponse preview: <!DOCTYPE html>\u001b[39m\n\u001b[31m<html lang=en>\u001b[39m\n\u001b[31m  <meta charset=utf-8>\u001b[39m\n\u001b[31m  <meta name=viewport content=\"initial-scale=1, minimum-scale=1, width=device-width\">\u001b[39m\n\u001b[31m  <title>Error 404 (Not Found)!!1</title>\u001b[39m\n\u001b[31m  <style>\u001b[39m\n\u001b[31m    *{ma...\u001b[39m","timestamp":"2025-08-13 15:21:33:2133"}
{"level":"\u001b[31merror\u001b[39m","message":"\u001b[31mGoogle Sheets API returned HTML instead of JSON. Status: 404\u001b[39m","timestamp":"2025-08-13 15:21:34:2134"}
{"level":"\u001b[31merror\u001b[39m","message":"\u001b[31mResponse preview: <!DOCTYPE html>\u001b[39m\n\u001b[31m<html lang=en>\u001b[39m\n\u001b[31m  <meta charset=utf-8>\u001b[39m\n\u001b[31m  <meta name=viewport content=\"initial-scale=1, minimum-scale=1, width=device-width\">\u001b[39m\n\u001b[31m  <title>Error 404 (Not Found)!!1</title>\u001b[39m\n\u001b[31m  <style>\u001b[39m\n\u001b[31m    *{ma...\u001b[39m","timestamp":"2025-08-13 15:21:34:2134"}
{"level":"\u001b[31merror\u001b[39m","message":"\u001b[31mFailed to save data to Google Sheets: No valid sheet found. Please ensure your Google Sheet has a tab named \"NIFTY_Historical_Data\" or \"Sheet1\"\u001b[39m","stack":"Error: No valid sheet found. Please ensure your Google Sheet has a tab named \"NIFTY_Historical_Data\" or \"Sheet1\"\n    at GoogleSheetsService.saveNiftyData (/Users/abhishekgoyal/Downloads/Abhishek/nse_tracking/dist/services/GoogleSheetsService.js:288:23)\n    at process.processTicksAndRejections (node:internal/process/task_queues:95:5)\n    at async DataService.saveHistoricalData (/Users/abhishekgoyal/Downloads/Abhishek/nse_tracking/dist/services/DataService.js:32:21)\n    at async PeriodicFetchService.performDataFetch (/Users/abhishekgoyal/Downloads/Abhishek/nse_tracking/dist/services/PeriodicFetchService.js:87:31)\n    at async Timeout._onTimeout (/Users/abhishekgoyal/Downloads/Abhishek/nse_tracking/dist/services/PeriodicFetchService.js:38:17)","timestamp":"2025-08-13 15:21:34:2134"}
{"level":"\u001b[31merror\u001b[39m","message":"\u001b[31mGoogle Sheets API returned HTML instead of JSON. Status: 404\u001b[39m","timestamp":"2025-08-13 15:22:03:223"}
{"level":"\u001b[31merror\u001b[39m","message":"\u001b[31mResponse preview: <!DOCTYPE html>\u001b[39m\n\u001b[31m<html lang=en>\u001b[39m\n\u001b[31m  <meta charset=utf-8>\u001b[39m\n\u001b[31m  <meta name=viewport content=\"initial-scale=1, minimum-scale=1, width=device-width\">\u001b[39m\n\u001b[31m  <title>Error 404 (Not Found)!!1</title>\u001b[39m\n\u001b[31m  <style>\u001b[39m\n\u001b[31m    *{ma...\u001b[39m","timestamp":"2025-08-13 15:22:03:223"}
{"level":"\u001b[31merror\u001b[39m","message":"\u001b[31mGoogle Sheets API returned HTML instead of JSON. Status: 404\u001b[39m","timestamp":"2025-08-13 15:22:05:225"}
{"level":"\u001b[31merror\u001b[39m","message":"\u001b[31mResponse preview: <!DOCTYPE html>\u001b[39m\n\u001b[31m<html lang=en>\u001b[39m\n\u001b[31m  <meta charset=utf-8>\u001b[39m\n\u001b[31m  <meta name=viewport content=\"initial-scale=1, minimum-scale=1, width=device-width\">\u001b[39m\n\u001b[31m  <title>Error 404 (Not Found)!!1</title>\u001b[39m\n\u001b[31m  <style>\u001b[39m\n\u001b[31m    *{ma...\u001b[39m","timestamp":"2025-08-13 15:22:05:225"}
{"level":"\u001b[31merror\u001b[39m","message":"\u001b[31mFailed to save data to Google Sheets: No valid sheet found. Please ensure your Google Sheet has a tab named \"NIFTY_Historical_Data\" or \"Sheet1\"\u001b[39m","stack":"Error: No valid sheet found. Please ensure your Google Sheet has a tab named \"NIFTY_Historical_Data\" or \"Sheet1\"\n    at GoogleSheetsService.saveNiftyData (/Users/abhishekgoyal/Downloads/Abhishek/nse_tracking/dist/services/GoogleSheetsService.js:288:23)\n    at process.processTicksAndRejections (node:internal/process/task_queues:95:5)\n    at async DataService.saveHistoricalData (/Users/abhishekgoyal/Downloads/Abhishek/nse_tracking/dist/services/DataService.js:32:21)\n    at async PeriodicFetchService.performDataFetch (/Users/abhishekgoyal/Downloads/Abhishek/nse_tracking/dist/services/PeriodicFetchService.js:87:31)\n    at async Timeout._onTimeout (/Users/abhishekgoyal/Downloads/Abhishek/nse_tracking/dist/services/PeriodicFetchService.js:38:17)","timestamp":"2025-08-13 15:22:05:225"}
{"level":"\u001b[31merror\u001b[39m","message":"\u001b[31mError GET /favicon.ico: Route /favicon.ico not found\u001b[39m","timestamp":"2025-08-13 15:35:50:3550"}
{"level":"\u001b[31merror\u001b[39m","message":"\u001b[31mError GET /favicon.ico: Route /favicon.ico not found\u001b[39m","timestamp":"2025-08-13 15:36:42:3642"}
{"data":null,"error_type":"InputException","level":"\u001b[31merror\u001b[39m","message":"\u001b[31mError fetching NIFTY data: Invalid `api_key` or `access_token`.\u001b[39m","status":"error","timestamp":"2025-08-13 15:36:46:3646"}
{"data":null,"error_type":"InputException","level":"\u001b[31merror\u001b[39m","message":"\u001b[31mError fetching NIFTY data: Invalid `api_key` or `access_token`.\u001b[39m","status":"error","timestamp":"2025-08-13 15:37:11:3711"}
{"data":null,"error_type":"TokenException","level":"\u001b[31merror\u001b[39m","message":"\u001b[31mFailed to generate session: Token is invalid or has expired.\u001b[39m","status":"error","timestamp":"2025-08-13 15:37:15:3715"}
{"data":null,"error_type":"TokenException","level":"\u001b[31merror\u001b[39m","message":"\u001b[31mError generating access token: Token is invalid or has expired.\u001b[39m","status":"error","timestamp":"2025-08-13 15:37:15:3715"}
{"level":"\u001b[31merror\u001b[39m","message":"\u001b[31mGoogle Sheets API returned HTML instead of JSON. Status: 404\u001b[39m","timestamp":"2025-08-13 15:37:42:3742"}
{"level":"\u001b[31merror\u001b[39m","message":"\u001b[31mResponse preview: <!DOCTYPE html>\u001b[39m\n\u001b[31m<html lang=en>\u001b[39m\n\u001b[31m  <meta charset=utf-8>\u001b[39m\n\u001b[31m  <meta name=viewport content=\"initial-scale=1, minimum-scale=1, width=device-width\">\u001b[39m\n\u001b[31m  <title>Error 404 (Not Found)!!1</title>\u001b[39m\n\u001b[31m  <style>\u001b[39m\n\u001b[31m    *{ma...\u001b[39m","timestamp":"2025-08-13 15:37:42:3742"}
{"level":"\u001b[31merror\u001b[39m","message":"\u001b[31mFailed to save data to Google Sheets: No valid sheet found. Please ensure your Google Sheet has a tab named \"NIFTY_Historical_Data\" or \"Sheet1\"\u001b[39m","stack":"Error: No valid sheet found. Please ensure your Google Sheet has a tab named \"NIFTY_Historical_Data\" or \"Sheet1\"\n    at GoogleSheetsService.saveNiftyData (/Users/abhishekgoyal/Downloads/Abhishek/nse_tracking/dist/services/GoogleSheetsService.js:288:23)\n    at process.processTicksAndRejections (node:internal/process/task_queues:95:5)\n    at async DataService.saveHistoricalData (/Users/abhishekgoyal/Downloads/Abhishek/nse_tracking/dist/services/DataService.js:32:21)\n    at async PeriodicFetchService.performDataFetch (/Users/abhishekgoyal/Downloads/Abhishek/nse_tracking/dist/services/PeriodicFetchService.js:87:31)\n    at async Timeout._onTimeout (/Users/abhishekgoyal/Downloads/Abhishek/nse_tracking/dist/services/PeriodicFetchService.js:38:17)","timestamp":"2025-08-13 15:37:42:3742"}
{"level":"\u001b[31merror\u001b[39m","message":"\u001b[31mGoogle Sheets API returned HTML instead of JSON. Status: 404\u001b[39m","timestamp":"2025-08-13 15:38:13:3813"}
{"level":"\u001b[31merror\u001b[39m","message":"\u001b[31mResponse preview: <!DOCTYPE html>\u001b[39m\n\u001b[31m<html lang=en>\u001b[39m\n\u001b[31m  <meta charset=utf-8>\u001b[39m\n\u001b[31m  <meta name=viewport content=\"initial-scale=1, minimum-scale=1, width=device-width\">\u001b[39m\n\u001b[31m  <title>Error 404 (Not Found)!!1</title>\u001b[39m\n\u001b[31m  <style>\u001b[39m\n\u001b[31m    *{ma...\u001b[39m","timestamp":"2025-08-13 15:38:13:3813"}
{"level":"\u001b[31merror\u001b[39m","message":"\u001b[31mFailed to save data to Google Sheets: No valid sheet found. Please ensure your Google Sheet has a tab named \"NIFTY_Historical_Data\" or \"Sheet1\"\u001b[39m","stack":"Error: No valid sheet found. Please ensure your Google Sheet has a tab named \"NIFTY_Historical_Data\" or \"Sheet1\"\n    at GoogleSheetsService.saveNiftyData (/Users/abhishekgoyal/Downloads/Abhishek/nse_tracking/dist/services/GoogleSheetsService.js:288:23)\n    at process.processTicksAndRejections (node:internal/process/task_queues:95:5)\n    at async DataService.saveHistoricalData (/Users/abhishekgoyal/Downloads/Abhishek/nse_tracking/dist/services/DataService.js:32:21)\n    at async PeriodicFetchService.performDataFetch (/Users/abhishekgoyal/Downloads/Abhishek/nse_tracking/dist/services/PeriodicFetchService.js:87:31)\n    at async Timeout._onTimeout (/Users/abhishekgoyal/Downloads/Abhishek/nse_tracking/dist/services/PeriodicFetchService.js:38:17)","timestamp":"2025-08-13 15:38:13:3813"}
{"level":"\u001b[31merror\u001b[39m","message":"\u001b[31mError GET /favicon.ico: Route /favicon.ico not found\u001b[39m","timestamp":"2025-08-13 15:43:10:4310"}
{"data":null,"error_type":"InputException","level":"\u001b[31merror\u001b[39m","message":"\u001b[31mError fetching NIFTY data: Invalid `api_key` or `access_token`.\u001b[39m","status":"error","timestamp":"2025-08-13 15:43:14:4314"}
{"data":null,"error_type":"InputException","level":"\u001b[31merror\u001b[39m","message":"\u001b[31mError fetching NIFTY data: Invalid `api_key` or `access_token`.\u001b[39m","status":"error","timestamp":"2025-08-13 15:43:39:4339"}
{"data":null,"error_type":"InputException","level":"\u001b[31merror\u001b[39m","message":"\u001b[31mError fetching NIFTY data: Invalid `api_key` or `access_token`.\u001b[39m","status":"error","timestamp":"2025-08-13 16:00:06:06"}
{"data":null,"error_type":"InputException","level":"\u001b[31merror\u001b[39m","message":"\u001b[31mError fetching NIFTY data: Invalid `api_key` or `access_token`.\u001b[39m","status":"error","timestamp":"2025-08-13 16:00:30:030"}
{"data":null,"error_type":"InputException","level":"\u001b[31merror\u001b[39m","message":"\u001b[31mError fetching NIFTY data: Invalid `api_key` or `access_token`.\u001b[39m","status":"error","timestamp":"2025-08-13 16:10:05:105"}
{"data":null,"error_type":"InputException","level":"\u001b[31merror\u001b[39m","message":"\u001b[31mError fetching NIFTY data: Invalid `api_key` or `access_token`.\u001b[39m","status":"error","timestamp":"2025-08-13 16:10:30:1030"}
{"data":null,"error_type":"InputException","level":"\u001b[31merror\u001b[39m","message":"\u001b[31mError fetching NIFTY data: Invalid `api_key` or `access_token`.\u001b[39m","status":"error","timestamp":"2025-08-13 16:11:00:110"}
{"data":null,"error_type":"InputException","level":"\u001b[31merror\u001b[39m","message":"\u001b[31mError fetching NIFTY data: Invalid `api_key` or `access_token`.\u001b[39m","status":"error","timestamp":"2025-08-13 16:11:30:1130"}
{"data":null,"error_type":"InputException","level":"\u001b[31merror\u001b[39m","message":"\u001b[31mError fetching NIFTY data: Invalid `api_key` or `access_token`.\u001b[39m","status":"error","timestamp":"2025-08-13 16:28:29:2829"}
{"data":null,"error_type":"InputException","level":"\u001b[31merror\u001b[39m","message":"\u001b[31mError fetching NIFTY data: Invalid `api_key` or `access_token`.\u001b[39m","status":"error","timestamp":"2025-08-13 16:28:55:2855"}
{"data":null,"error_type":"InputException","level":"\u001b[31merror\u001b[39m","message":"\u001b[31mError fetching NIFTY data: Invalid `api_key` or `access_token`.\u001b[39m","status":"error","timestamp":"2025-08-14 10:24:36:2436"}
{"data":null,"error_type":"InputException","level":"\u001b[31merror\u001b[39m","message":"\u001b[31mError fetching NIFTY data: Invalid `api_key` or `access_token`.\u001b[39m","status":"error","timestamp":"2025-08-14 10:41:16:4116"}
{"level":"\u001b[31merror\u001b[39m","message":"\u001b[31mError GET /favicon.ico: Route /favicon.ico not found\u001b[39m","timestamp":"2025-08-14 10:41:24:4124"}
{"data":null,"error_type":"InputException","level":"\u001b[31merror\u001b[39m","message":"\u001b[31mError fetching NIFTY data: Invalid `api_key` or `access_token`.\u001b[39m","status":"error","timestamp":"2025-08-14 10:41:41:4141"}
{"data":null,"error_type":"InputException","level":"\u001b[31merror\u001b[39m","message":"\u001b[31mError fetching NIFTY data: Invalid `api_key` or `access_token`.\u001b[39m","status":"error","timestamp":"2025-08-14 10:48:13:4813"}
{"data":null,"error_type":"InputException","level":"\u001b[31merror\u001b[39m","message":"\u001b[31mError fetching NIFTY data: Invalid `api_key` or `access_token`.\u001b[39m","status":"error","timestamp":"2025-08-14 10:48:38:4838"}
{"data":null,"error_type":"InputException","level":"\u001b[31merror\u001b[39m","message":"\u001b[31mError fetching NIFTY data: Invalid `api_key` or `access_token`.\u001b[39m","status":"error","timestamp":"2025-08-14 10:49:08:498"}
{"data":null,"error_type":"InputException","level":"\u001b[31merror\u001b[39m","message":"\u001b[31mError fetching NIFTY data: Invalid `api_key` or `access_token`.\u001b[39m","status":"error","timestamp":"2025-08-14 10:56:27:5627"}
{"level":"\u001b[31merror\u001b[39m","message":"\u001b[31mError GET /favicon.ico: Route /favicon.ico not found\u001b[39m","timestamp":"2025-08-14 10:56:31:5631"}
{"data":null,"error_type":"InputException","level":"\u001b[31merror\u001b[39m","message":"\u001b[31mError fetching NIFTY data: Invalid `api_key` or `access_token`.\u001b[39m","status":"error","timestamp":"2025-08-14 10:56:52:5652"}
{"data":null,"error_type":"InputException","level":"\u001b[31merror\u001b[39m","message":"\u001b[31mError fetching NIFTY data: Invalid `api_key` or `access_token`.\u001b[39m","status":"error","timestamp":"2025-08-14 11:27:44:2744"}
{"data":null,"error_type":"InputException","level":"\u001b[31merror\u001b[39m","message":"\u001b[31mError fetching NIFTY data: Invalid `api_key` or `access_token`.\u001b[39m","status":"error","timestamp":"2025-08-14 11:28:08:288"}
{"data":null,"error_type":"InputException","level":"\u001b[31merror\u001b[39m","message":"\u001b[31mError fetching NIFTY data: Invalid `api_key` or `access_token`.\u001b[39m","status":"error","timestamp":"2025-08-14 11:37:03:373"}
{"level":"\u001b[31merror\u001b[39m","message":"\u001b[31mError GET /favicon.ico: Route /favicon.ico not found\u001b[39m","timestamp":"2025-08-14 11:37:05:375"}
{"data":null,"error_type":"InputException","level":"\u001b[31merror\u001b[39m","message":"\u001b[31mError fetching NIFTY data: Invalid `api_key` or `access_token`.\u001b[39m","status":"error","timestamp":"2025-08-14 11:41:06:416"}
{"level":"\u001b[31merror\u001b[39m","message":"\u001b[31mError GET /favicon.ico: Route /favicon.ico not found\u001b[39m","timestamp":"2025-08-14 14:33:02:332"}
{"data":null,"error_type":"InputException","level":"\u001b[31merror\u001b[39m","message":"\u001b[31mError fetching NIFTY data: Invalid `api_key` or `access_token`.\u001b[39m","status":"error","timestamp":"2025-08-14 14:33:03:333"}
{"data":null,"error_type":"InputException","level":"\u001b[31merror\u001b[39m","message":"\u001b[31mError fetching NIFTY data: Invalid `api_key` or `access_token`.\u001b[39m","status":"error","timestamp":"2025-08-14 14:33:28:3328"}
{"level":"\u001b[31merror\u001b[39m","message":"\u001b[31mGoogle Sheets API request error: \u001b[39m","timestamp":"2025-08-30 18:25:40:2540"}
{"level":"\u001b[31merror\u001b[39m","message":"\u001b[31mFailed to fetch historical data from Google Sheets: Request error: \u001b[39m","stack":"Error: Request error: \n    at ClientRequest.<anonymous> (/Users/abhishekgoyal/Downloads/Abhishek/nse_tracking/dist/services/GoogleSheetsService.js:171:24)\n    at ClientRequest.emit (node:events:514:28)\n    at TLSSocket.socketErrorListener (node:_http_client:495:9)\n    at TLSSocket.emit (node:events:514:28)\n    at emitErrorNT (node:internal/streams/destroy:151:8)\n    at emitErrorCloseNT (node:internal/streams/destroy:116:3)\n    at process.processTicksAndRejections (node:internal/process/task_queues:82:21)","timestamp":"2025-08-30 18:25:40:2540"}
{"level":"\u001b[31merror\u001b[39m","message":"\u001b[31mGoogle Sheets API request error: \u001b[39m","timestamp":"2025-08-30 18:25:47:2547"}
{"level":"\u001b[31merror\u001b[39m","message":"\u001b[31mFailed to fetch historical data from Google Sheets: Request error: \u001b[39m","stack":"Error: Request error: \n    at ClientRequest.<anonymous> (/Users/abhishekgoyal/Downloads/Abhishek/nse_tracking/dist/services/GoogleSheetsService.js:171:24)\n    at ClientRequest.emit (node:events:514:28)\n    at TLSSocket.socketErrorListener (node:_http_client:495:9)\n    at TLSSocket.emit (node:events:514:28)\n    at emitErrorNT (node:internal/streams/destroy:151:8)\n    at emitErrorCloseNT (node:internal/streams/destroy:116:3)\n    at process.processTicksAndRejections (node:internal/process/task_queues:82:21)","timestamp":"2025-08-30 18:25:47:2547"}
{"level":"\u001b[31merror\u001b[39m","message":"\u001b[31mGoogle Sheets API request error: \u001b[39m","timestamp":"2025-08-30 18:26:10:2610"}
{"level":"\u001b[31merror\u001b[39m","message":"\u001b[31mFailed to fetch historical data from Google Sheets: Request error: \u001b[39m","stack":"Error: Request error: \n    at ClientRequest.<anonymous> (/Users/abhishekgoyal/Downloads/Abhishek/nse_tracking/dist/services/GoogleSheetsService.js:171:24)\n    at ClientRequest.emit (node:events:514:28)\n    at TLSSocket.socketErrorListener (node:_http_client:495:9)\n    at TLSSocket.emit (node:events:514:28)\n    at emitErrorNT (node:internal/streams/destroy:151:8)\n    at emitErrorCloseNT (node:internal/streams/destroy:116:3)\n    at process.processTicksAndRejections (node:internal/process/task_queues:82:21)","timestamp":"2025-08-30 18:26:10:2610"}
{"level":"\u001b[31merror\u001b[39m","message":"\u001b[31mError GET /api/nifty-data: Route /api/nifty-data not found\u001b[39m","timestamp":"2025-08-30 22:18:23:1823"}
{"level":"\u001b[31merror\u001b[39m","message":"\u001b[31mError GET /api/nifty-data: Route /api/nifty-data not found\u001b[39m","timestamp":"2025-08-30 22:18:52:1852"}
{"config":{"headers":{"Accept":"application/json, text/plain, */*","Authorization":"Bearer your_twitter_bearer_token","User-Agent":"axios/0.21.4"},"maxBodyLength":-1,"maxContentLength":-1,"method":"get","params":{"max_results":20,"query":"TATAMOTORS OR \"Tata Motors Limited\" lang:en -is:retweet","tweet.fields":"created_at,public_metrics"},"timeout":8000,"transformRequest":[null],"transformResponse":[null],"transitional":{"clarifyTimeoutError":false,"forcedJSONParsing":true,"silentJSONParsing":true},"url":"https://api.twitter.com/2/tweets/search/recent","xsrfCookieName":"XSRF-TOKEN","xsrfHeaderName":"X-XSRF-TOKEN"},"message":"\u001b[31mError analyzing Twitter sentiment: Request failed with status code 401\u001b[39m","stack":"Error: Request failed with status code 401\n    at createError (/Users/abhishekgoyal/Downloads/Abhishek/nse_tracking/node_modules/axios/lib/core/createError.js:16:15)\n    at settle (/Users/abhishekgoyal/Downloads/Abhishek/nse_tracking/node_modules/axios/lib/core/settle.js:17:12)\n    at IncomingMessage.handleStreamEnd (/Users/abhishekgoyal/Downloads/Abhishek/nse_tracking/node_modules/axios/lib/adapters/http.js:269:11)\n    at IncomingMessage.emit (node:events:526:35)\n    at endReadableNT (node:internal/streams/readable:1408:12)\n    at process.processTicksAndRejections (node:internal/process/task_queues:82:21)"}
{"level":"\u001b[31merror\u001b[39m","message":"\u001b[31mError GET /favicon.ico: Route /favicon.ico not found\u001b[39m","timestamp":"2025-08-31 11:59:00:590"}
{"config":{"headers":{"Accept":"application/json, text/plain, */*","Authorization":"Bearer AAAAAAAAAAAAAAAAAAAAANh63wEAAAAAZTIPgOmUhH%2FoaEkk3g8pxPz68Jo%3DdkbQzx6ejrqALyiU6Z9R6o7IfEx6rLFK7mbsG2c0UFgtKdL9Pf","User-Agent":"axios/0.21.4"},"maxBodyLength":-1,"maxContentLength":-1,"method":"get","params":{"max_results":20,"query":"TATAMOTORS OR \"Tata Motors Limited\" lang:en -is:retweet","tweet.fields":"created_at,public_metrics"},"timeout":8000,"transformRequest":[null],"transformResponse":[null],"transitional":{"clarifyTimeoutError":false,"forcedJSONParsing":true,"silentJSONParsing":true},"url":"https://api.twitter.com/2/tweets/search/recent","xsrfCookieName":"XSRF-TOKEN","xsrfHeaderName":"X-XSRF-TOKEN"},"message":"\u001b[31mError analyzing Twitter sentiment: Request failed with status code 429\u001b[39m","stack":"Error: Request failed with status code 429\n    at createError (/Users/abhishekgoyal/Downloads/Abhishek/nse_tracking/node_modules/axios/lib/core/createError.js:16:15)\n    at settle (/Users/abhishekgoyal/Downloads/Abhishek/nse_tracking/node_modules/axios/lib/core/settle.js:17:12)\n    at IncomingMessage.handleStreamEnd (/Users/abhishekgoyal/Downloads/Abhishek/nse_tracking/node_modules/axios/lib/adapters/http.js:269:11)\n    at IncomingMessage.emit (node:events:526:35)\n    at endReadableNT (node:internal/streams/readable:1408:12)\n    at process.processTicksAndRejections (node:internal/process/task_queues:82:21)"}
{"config":{"headers":{"Accept":"application/json, text/plain, */*","Authorization":"Bearer AAAAAAAAAAAAAAAAAAAAANh63wEAAAAAZTIPgOmUhH%2FoaEkk3g8pxPz68Jo%3DdkbQzx6ejrqALyiU6Z9R6o7IfEx6rLFK7mbsG2c0UFgtKdL9Pf","User-Agent":"axios/0.21.4"},"maxBodyLength":-1,"maxContentLength":-1,"method":"get","params":{"max_results":20,"query":"TATAMOTORS OR \"Tata Motors Limited\" lang:en -is:retweet","tweet.fields":"created_at,public_metrics"},"timeout":8000,"transformRequest":[null],"transformResponse":[null],"transitional":{"clarifyTimeoutError":false,"forcedJSONParsing":true,"silentJSONParsing":true},"url":"https://api.twitter.com/2/tweets/search/recent","xsrfCookieName":"XSRF-TOKEN","xsrfHeaderName":"X-XSRF-TOKEN"},"message":"\u001b[31mError analyzing Twitter sentiment: Request failed with status code 429\u001b[39m","stack":"Error: Request failed with status code 429\n    at createError (/Users/abhishekgoyal/Downloads/Abhishek/nse_tracking/node_modules/axios/lib/core/createError.js:16:15)\n    at settle (/Users/abhishekgoyal/Downloads/Abhishek/nse_tracking/node_modules/axios/lib/core/settle.js:17:12)\n    at IncomingMessage.handleStreamEnd (/Users/abhishekgoyal/Downloads/Abhishek/nse_tracking/node_modules/axios/lib/adapters/http.js:269:11)\n    at IncomingMessage.emit (node:events:526:35)\n    at endReadableNT (node:internal/streams/readable:1408:12)\n    at process.processTicksAndRejections (node:internal/process/task_queues:82:21)"}
{"config":{"headers":{"Accept":"application/json, text/plain, */*","Authorization":"Bearer AAAAAAAAAAAAAAAAAAAAANh63wEAAAAAZTIPgOmUhH%2FoaEkk3g8pxPz68Jo%3DdkbQzx6ejrqALyiU6Z9R6o7IfEx6rLFK7mbsG2c0UFgtKdL9Pf","User-Agent":"axios/0.21.4"},"maxBodyLength":-1,"maxContentLength":-1,"method":"get","params":{"max_results":20,"query":"TATAMOTORS OR \"Tata Motors Limited\" lang:en -is:retweet","tweet.fields":"created_at,public_metrics"},"timeout":8000,"transformRequest":[null],"transformResponse":[null],"transitional":{"clarifyTimeoutError":false,"forcedJSONParsing":true,"silentJSONParsing":true},"url":"https://api.twitter.com/2/tweets/search/recent","xsrfCookieName":"XSRF-TOKEN","xsrfHeaderName":"X-XSRF-TOKEN"},"message":"\u001b[31mError analyzing Twitter sentiment: Request failed with status code 429\u001b[39m","stack":"Error: Request failed with status code 429\n    at createError (/Users/abhishekgoyal/Downloads/Abhishek/nse_tracking/node_modules/axios/lib/core/createError.js:16:15)\n    at settle (/Users/abhishekgoyal/Downloads/Abhishek/nse_tracking/node_modules/axios/lib/core/settle.js:17:12)\n    at IncomingMessage.handleStreamEnd (/Users/abhishekgoyal/Downloads/Abhishek/nse_tracking/node_modules/axios/lib/adapters/http.js:269:11)\n    at IncomingMessage.emit (node:events:526:35)\n    at endReadableNT (node:internal/streams/readable:1408:12)\n    at process.processTicksAndRejections (node:internal/process/task_queues:82:21)"}
{"level":"\u001b[31merror\u001b[39m","message":"\u001b[31mError GET /favicon.ico: Route /favicon.ico not found\u001b[39m","timestamp":"2025-08-31 12:09:59:959"}
{"level":"\u001b[31merror\u001b[39m","message":"\u001b[31mError GET /favicon.ico: Route /favicon.ico not found\u001b[39m","timestamp":"2025-08-31 13:09:06:96"}
{"level":"\u001b[31merror\u001b[39m","message":"\u001b[31mError GET /favicon.ico: Route /favicon.ico not found\u001b[39m","timestamp":"2025-08-31 13:38:30:3830"}
{"data":null,"error_type":"TokenException","level":"\u001b[31merror\u001b[39m","message":"\u001b[31mFailed to generate session: Token is invalid or has expired.\u001b[39m","status":"error","timestamp":"2025-08-31 23:39:24:3924"}
{"data":null,"error_type":"TokenException","level":"\u001b[31merror\u001b[39m","message":"\u001b[31mError generating access token: Token is invalid or has expired.\u001b[39m","status":"error","timestamp":"2025-08-31 23:39:24:3924"}
